<?xml version="1.0" encoding="UTF-8"?>
<robot generator="Robot 5.0 (Python 3.10.4 on win32)" generated="20221011 13:11:34.534" rpa="false" schemaversion="3">
<suite id="s1" name="CRM TC 017" source="D:\Repositories2\wkd_auto-29-06-2022\wkd_auto-29-06-2022\TestCases\CRM_TC_017.robot">
<test id="s1-t1" name="TEST CASE 017" line="32">
<kw name="Execute Suite Setup as User" library="Common" type="SETUP">
<doc>Open Browser on Test or preproduction environment</doc>
<kw name="Open Browser" library="SeleniumLibrary">
<arg>${URL}</arg>
<arg>${Broswer}</arg>
<arg>${TestData}[Browser]</arg>
<arg>options=add_argument("--ignore-certificate-errors")</arg>
<doc>Opens a new browser instance to the optional ``url``.</doc>
<msg timestamp="20221011 13:11:35.514" level="INFO">Opening browser 'chrome' to base url 'https://keycloak.prod.10.0.14.241.nip.io/auth/realms/Safaricom/protocol/openid-connect/auth?client_id=CRMUI&amp;redirect_uri=https%3A%2F%2Fprod.crm-impl.10.0.14.241.nip.io%2Fcrm-ui&amp;state=3f318530-b889-49b1-85c1-44eb282ae0bf&amp;response_mode=fragment&amp;response_type=code&amp;scope=openid&amp;nonce=a3442aa2-c5b7-4de5-b33f-41af8a715a33'.</msg>
<status status="PASS" starttime="20221011 13:11:35.513" endtime="20221011 13:11:40.670"/>
</kw>
<kw name="Maximize Browser Window" library="SeleniumLibrary">
<doc>Maximizes current browser window.</doc>
<status status="PASS" starttime="20221011 13:11:40.671" endtime="20221011 13:11:40.790"/>
</kw>
<status status="PASS" starttime="20221011 13:11:35.513" endtime="20221011 13:11:40.791"/>
</kw>
<kw name="Login to SSO UI" library="SSO_Login_Keyword">
<arg>${CRM_CREDENTIAL}[username]</arg>
<arg>${CRM_CREDENTIAL}[password]</arg>
<kw name="Wait Until Keyword Succeeds" library="BuiltIn">
<arg>${TimeOut}</arg>
<arg>${Start}</arg>
<arg>SeleniumLibrary.click element</arg>
<arg>${LoginPage}[UserName]</arg>
<doc>Runs the specified keyword and retries if it fails.</doc>
<kw name="Click Element" library="SeleniumLibrary">
<arg>${LoginPage}[UserName]</arg>
<doc>Click the element identified by ``locator``.</doc>
<msg timestamp="20221011 13:11:40.796" level="INFO">Clicking element '//input[@name='username']'.</msg>
<status status="PASS" starttime="20221011 13:11:40.795" endtime="20221011 13:11:40.839"/>
</kw>
<status status="PASS" starttime="20221011 13:11:40.794" endtime="20221011 13:11:40.839"/>
</kw>
<kw name="Wait Until Keyword Succeeds" library="BuiltIn">
<arg>${TimeOut}</arg>
<arg>${Start}</arg>
<arg>SeleniumLibrary.input text</arg>
<arg>${LoginPage}[UserName]</arg>
<arg>${user}</arg>
<doc>Runs the specified keyword and retries if it fails.</doc>
<kw name="Input Text" library="SeleniumLibrary">
<arg>${LoginPage}[UserName]</arg>
<arg>${user}</arg>
<doc>Types the given ``text`` into the text field identified by ``locator``.</doc>
<msg timestamp="20221011 13:11:40.839" level="INFO">Typing text 'crmtest@6d.co.in' into text field '//input[@name='username']'.</msg>
<status status="PASS" starttime="20221011 13:11:40.839" endtime="20221011 13:11:40.890"/>
</kw>
<status status="PASS" starttime="20221011 13:11:40.839" endtime="20221011 13:11:40.890"/>
</kw>
<kw name="Click Element" library="SeleniumLibrary">
<arg>${LoginPage}[Password]</arg>
<doc>Click the element identified by ``locator``.</doc>
<msg timestamp="20221011 13:11:40.890" level="INFO">Clicking element '//input[@name='password']'.</msg>
<status status="PASS" starttime="20221011 13:11:40.890" endtime="20221011 13:11:40.927"/>
</kw>
<kw name="Input Text" library="SeleniumLibrary">
<arg>${LoginPage}[Password]</arg>
<arg>${pass}</arg>
<doc>Types the given ``text`` into the text field identified by ``locator``.</doc>
<msg timestamp="20221011 13:11:40.928" level="INFO">Typing text 'Admin@123' into text field '//input[@name='password']'.</msg>
<status status="PASS" starttime="20221011 13:11:40.928" endtime="20221011 13:11:40.968"/>
</kw>
<kw name="Click Element" library="SeleniumLibrary">
<arg>${LoginPage}[Loginbtn]</arg>
<doc>Click the element identified by ``locator``.</doc>
<msg timestamp="20221011 13:11:40.969" level="INFO">Clicking element '//*[@id='kc-login']'.</msg>
<status status="PASS" starttime="20221011 13:11:40.968" endtime="20221011 13:11:48.646"/>
</kw>
<kw name="Sleep" library="BuiltIn">
<arg>10s</arg>
<doc>Pauses the test executed for the given time.</doc>
<msg timestamp="20221011 13:11:58.661" level="INFO">Slept 10 seconds</msg>
<status status="PASS" starttime="20221011 13:11:48.646" endtime="20221011 13:11:58.661"/>
</kw>
<status status="PASS" starttime="20221011 13:11:40.792" endtime="20221011 13:11:58.661"/>
</kw>
<kw name="Edit Service Details two" library="CRM_UI_Keywords">
<arg>TC_001</arg>
<arg>TD_02</arg>
<doc>To edit Sevice level details</doc>
<kw name="Fetch From Excel" library="Read_TestData_Keyword">
<var>${data}</var>
<arg>${WKD_CRM_TESTDATA}</arg>
<arg>SERVICE_DETAILS</arg>
<arg>${caseID}</arg>
<arg>${dataID}</arg>
<kw name="Fetch From ExcelData" library="ReadDataFromExcel">
<var>${celldata}</var>
<arg>${filename}</arg>
<arg>${sheetname}</arg>
<arg>${TestCaseID}</arg>
<arg>${TestDataID}</arg>
<msg timestamp="20221011 13:11:58.774" level="INFO">${celldata} =            DUPLICATE_ENTRY TestCaseId TestDataId    Action_Type    SERVICE_ID SERVICE_NAME
TestDataId                                                                                
TD_02          TC_...</msg>
<status status="PASS" starttime="20221011 13:11:58.664" endtime="20221011 13:11:58.774"/>
</kw>
<msg timestamp="20221011 13:11:58.783" level="INFO">${data} =            DUPLICATE_ENTRY TestCaseId TestDataId    Action_Type    SERVICE_ID SERVICE_NAME
TestDataId                                                                                
TD_02          TC_...</msg>
<status status="PASS" starttime="20221011 13:11:58.663" endtime="20221011 13:11:58.783"/>
</kw>
<kw name="Get Data" library="ReadDataFromExcel">
<var>${SERVICE_ID}</var>
<arg>${data}</arg>
<arg>SERVICE_ID</arg>
<msg timestamp="20221011 13:11:58.785" level="INFO">${SERVICE_ID} = 251799001251</msg>
<status status="PASS" starttime="20221011 13:11:58.783" endtime="20221011 13:11:58.785"/>
</kw>
<kw name="Get Data" library="ReadDataFromExcel">
<var>${serviceIndex}</var>
<arg>${data}</arg>
<arg>SERVICE_NAME</arg>
<msg timestamp="20221011 13:11:58.787" level="INFO">${serviceIndex} = SERVICE 12</msg>
<status status="PASS" starttime="20221011 13:11:58.785" endtime="20221011 13:11:58.787"/>
</kw>
<kw name="Search By ID" library="Common">
<arg>${HomePage}[HomeSeachOptionServiceId]</arg>
<arg>${SERVICE_ID}</arg>
<kw name="Click Item" library="Common">
<arg>${option}</arg>
<kw name="Verify elements is visible and displayed" library="Common">
<arg>${locator}</arg>
<doc>Keyword to verify locator is enabled and visibled on a page.</doc>
<kw name="Wait Until Element Is Enabled" library="SeleniumLibrary">
<arg>${locator}</arg>
<arg>timeout=60</arg>
<doc>Waits until the element ``locator`` is enabled.</doc>
<status status="PASS" starttime="20221011 13:11:58.789" endtime="20221011 13:11:58.824"/>
</kw>
<kw name="Wait Until Element Is Visible" library="SeleniumLibrary">
<arg>${locator}</arg>
<arg>timeout=60</arg>
<doc>Waits until the element ``locator`` is visible.</doc>
<status status="PASS" starttime="20221011 13:11:58.824" endtime="20221011 13:11:58.853"/>
</kw>
<kw name="Page Should Contain Element" library="SeleniumLibrary">
<arg>${locator}</arg>
<arg>timeout=60</arg>
<doc>Verifies that element ``locator`` is found on the current page.</doc>
<msg timestamp="20221011 13:11:58.862" level="INFO">Current page contains element '//option[@value='serviceId']'.</msg>
<status status="PASS" starttime="20221011 13:11:58.853" endtime="20221011 13:11:58.862"/>
</kw>
<kw name="Wait Until Keyword Succeeds" library="BuiltIn">
<arg>${TimeOut}</arg>
<arg>${Start}</arg>
<arg>SeleniumLibrary.wait until page contains element</arg>
<arg>${locator}</arg>
<doc>Runs the specified keyword and retries if it fails.</doc>
<kw name="Wait Until Page Contains Element" library="SeleniumLibrary">
<arg>${locator}</arg>
<doc>Waits until the element ``locator`` appears on the current page.</doc>
<status status="PASS" starttime="20221011 13:11:58.862" endtime="20221011 13:11:58.870"/>
</kw>
<status status="PASS" starttime="20221011 13:11:58.862" endtime="20221011 13:11:58.870"/>
</kw>
<status status="PASS" starttime="20221011 13:11:58.788" endtime="20221011 13:11:58.870"/>
</kw>
<kw name="Wait Until Keyword Succeeds" library="BuiltIn">
<arg>${TimeOut}</arg>
<arg>${Start}</arg>
<arg>SeleniumLibrary.click element</arg>
<arg>${locator}</arg>
<doc>Runs the specified keyword and retries if it fails.</doc>
<kw name="Click Element" library="SeleniumLibrary">
<arg>${locator}</arg>
<doc>Click the element identified by ``locator``.</doc>
<msg timestamp="20221011 13:11:58.871" level="INFO">Clicking element '//option[@value='serviceId']'.</msg>
<status status="PASS" starttime="20221011 13:11:58.870" endtime="20221011 13:11:58.915"/>
</kw>
<status status="PASS" starttime="20221011 13:11:58.870" endtime="20221011 13:11:58.915"/>
</kw>
<status status="PASS" starttime="20221011 13:11:58.788" endtime="20221011 13:11:58.915"/>
</kw>
<kw name="Set Input" library="Common">
<arg>${HomePage}[HomeSearchBar]</arg>
<arg>${id}</arg>
<kw name="Click Item" library="Common">
<arg>${locator}</arg>
<kw name="Verify elements is visible and displayed" library="Common">
<arg>${locator}</arg>
<doc>Keyword to verify locator is enabled and visibled on a page.</doc>
<kw name="Wait Until Element Is Enabled" library="SeleniumLibrary">
<arg>${locator}</arg>
<arg>timeout=60</arg>
<doc>Waits until the element ``locator`` is enabled.</doc>
<status status="PASS" starttime="20221011 13:11:58.917" endtime="20221011 13:11:58.945"/>
</kw>
<kw name="Wait Until Element Is Visible" library="SeleniumLibrary">
<arg>${locator}</arg>
<arg>timeout=60</arg>
<doc>Waits until the element ``locator`` is visible.</doc>
<status status="PASS" starttime="20221011 13:11:58.945" endtime="20221011 13:11:58.963"/>
</kw>
<kw name="Page Should Contain Element" library="SeleniumLibrary">
<arg>${locator}</arg>
<arg>timeout=60</arg>
<doc>Verifies that element ``locator`` is found on the current page.</doc>
<msg timestamp="20221011 13:11:58.972" level="INFO">Current page contains element '//input[@class='MuiInputBase-input']'.</msg>
<status status="PASS" starttime="20221011 13:11:58.963" endtime="20221011 13:11:58.972"/>
</kw>
<kw name="Wait Until Keyword Succeeds" library="BuiltIn">
<arg>${TimeOut}</arg>
<arg>${Start}</arg>
<arg>SeleniumLibrary.wait until page contains element</arg>
<arg>${locator}</arg>
<doc>Runs the specified keyword and retries if it fails.</doc>
<kw name="Wait Until Page Contains Element" library="SeleniumLibrary">
<arg>${locator}</arg>
<doc>Waits until the element ``locator`` appears on the current page.</doc>
<status status="PASS" starttime="20221011 13:11:58.973" endtime="20221011 13:11:58.984"/>
</kw>
<status status="PASS" starttime="20221011 13:11:58.973" endtime="20221011 13:11:58.984"/>
</kw>
<status status="PASS" starttime="20221011 13:11:58.916" endtime="20221011 13:11:58.984"/>
</kw>
<kw name="Wait Until Keyword Succeeds" library="BuiltIn">
<arg>${TimeOut}</arg>
<arg>${Start}</arg>
<arg>SeleniumLibrary.click element</arg>
<arg>${locator}</arg>
<doc>Runs the specified keyword and retries if it fails.</doc>
<kw name="Click Element" library="SeleniumLibrary">
<arg>${locator}</arg>
<doc>Click the element identified by ``locator``.</doc>
<msg timestamp="20221011 13:11:58.985" level="INFO">Clicking element '//input[@class='MuiInputBase-input']'.</msg>
<status status="PASS" starttime="20221011 13:11:58.985" endtime="20221011 13:11:59.035"/>
</kw>
<status status="PASS" starttime="20221011 13:11:58.984" endtime="20221011 13:11:59.035"/>
</kw>
<status status="PASS" starttime="20221011 13:11:58.915" endtime="20221011 13:11:59.035"/>
</kw>
<kw name="Run Keyword If" library="BuiltIn">
<arg>'${value}' == 'nan'</arg>
<arg>Log To Console</arg>
<arg>NANACONDITION</arg>
<arg>ELSE IF</arg>
<arg>'${value}' == 'BLANK'</arg>
<arg>Wait Until Keyword Succeeds</arg>
<arg>${TimeOut}</arg>
<arg>${Start}</arg>
<arg>SeleniumLibrary.input text</arg>
<arg>${locator}</arg>
<arg>\</arg>
<arg>ELSE</arg>
<arg>Wait Until Keyword Succeeds</arg>
<arg>${TimeOut}</arg>
<arg>${Start}</arg>
<arg>SeleniumLibrary.input text</arg>
<arg>${locator}</arg>
<arg>${value}</arg>
<doc>Runs the given keyword with the given arguments, if ``condition`` is true.</doc>
<kw name="Wait Until Keyword Succeeds" library="BuiltIn">
<arg>${TimeOut}</arg>
<arg>${Start}</arg>
<arg>SeleniumLibrary.input text</arg>
<arg>${locator}</arg>
<arg>${value}</arg>
<doc>Runs the specified keyword and retries if it fails.</doc>
<kw name="Input Text" library="SeleniumLibrary">
<arg>${locator}</arg>
<arg>${value}</arg>
<doc>Types the given ``text`` into the text field identified by ``locator``.</doc>
<msg timestamp="20221011 13:11:59.036" level="INFO">Typing text '251799001251' into text field '//input[@class='MuiInputBase-input']'.</msg>
<status status="PASS" starttime="20221011 13:11:59.036" endtime="20221011 13:11:59.116"/>
</kw>
<status status="PASS" starttime="20221011 13:11:59.036" endtime="20221011 13:11:59.117"/>
</kw>
<status status="PASS" starttime="20221011 13:11:59.035" endtime="20221011 13:11:59.117"/>
</kw>
<status status="PASS" starttime="20221011 13:11:58.915" endtime="20221011 13:11:59.117"/>
</kw>
<kw name="Click Item" library="Common">
<arg>${HomePage}[HomeSearchButton]</arg>
<kw name="Verify elements is visible and displayed" library="Common">
<arg>${locator}</arg>
<doc>Keyword to verify locator is enabled and visibled on a page.</doc>
<kw name="Wait Until Element Is Enabled" library="SeleniumLibrary">
<arg>${locator}</arg>
<arg>timeout=60</arg>
<doc>Waits until the element ``locator`` is enabled.</doc>
<status status="PASS" starttime="20221011 13:11:59.118" endtime="20221011 13:11:59.139"/>
</kw>
<kw name="Wait Until Element Is Visible" library="SeleniumLibrary">
<arg>${locator}</arg>
<arg>timeout=60</arg>
<doc>Waits until the element ``locator`` is visible.</doc>
<status status="PASS" starttime="20221011 13:11:59.139" endtime="20221011 13:11:59.151"/>
</kw>
<kw name="Page Should Contain Element" library="SeleniumLibrary">
<arg>${locator}</arg>
<arg>timeout=60</arg>
<doc>Verifies that element ``locator`` is found on the current page.</doc>
<msg timestamp="20221011 13:11:59.158" level="INFO">Current page contains element '//span[@class='MuiIconButton-label']'.</msg>
<status status="PASS" starttime="20221011 13:11:59.151" endtime="20221011 13:11:59.158"/>
</kw>
<kw name="Wait Until Keyword Succeeds" library="BuiltIn">
<arg>${TimeOut}</arg>
<arg>${Start}</arg>
<arg>SeleniumLibrary.wait until page contains element</arg>
<arg>${locator}</arg>
<doc>Runs the specified keyword and retries if it fails.</doc>
<kw name="Wait Until Page Contains Element" library="SeleniumLibrary">
<arg>${locator}</arg>
<doc>Waits until the element ``locator`` appears on the current page.</doc>
<status status="PASS" starttime="20221011 13:11:59.159" endtime="20221011 13:11:59.165"/>
</kw>
<status status="PASS" starttime="20221011 13:11:59.158" endtime="20221011 13:11:59.165"/>
</kw>
<status status="PASS" starttime="20221011 13:11:59.118" endtime="20221011 13:11:59.165"/>
</kw>
<kw name="Wait Until Keyword Succeeds" library="BuiltIn">
<arg>${TimeOut}</arg>
<arg>${Start}</arg>
<arg>SeleniumLibrary.click element</arg>
<arg>${locator}</arg>
<doc>Runs the specified keyword and retries if it fails.</doc>
<kw name="Click Element" library="SeleniumLibrary">
<arg>${locator}</arg>
<doc>Click the element identified by ``locator``.</doc>
<msg timestamp="20221011 13:11:59.166" level="INFO">Clicking element '//span[@class='MuiIconButton-label']'.</msg>
<status status="PASS" starttime="20221011 13:11:59.165" endtime="20221011 13:11:59.240"/>
</kw>
<status status="PASS" starttime="20221011 13:11:59.165" endtime="20221011 13:11:59.240"/>
</kw>
<status status="PASS" starttime="20221011 13:11:59.117" endtime="20221011 13:11:59.240"/>
</kw>
<status status="PASS" starttime="20221011 13:11:58.787" endtime="20221011 13:11:59.240"/>
</kw>
<kw name="Sleep" library="BuiltIn">
<arg>7s</arg>
<doc>Pauses the test executed for the given time.</doc>
<msg timestamp="20221011 13:12:06.248" level="INFO">Slept 7 seconds</msg>
<status status="PASS" starttime="20221011 13:11:59.241" endtime="20221011 13:12:06.248"/>
</kw>
<kw name="Scroll Element Into View" library="SeleniumLibrary">
<arg>//input[@id='ocsMaBalance']</arg>
<doc>Scrolls the element identified by ``locator`` into view.</doc>
<msg timestamp="20221011 13:12:06.538" level="INFO" html="true">&lt;/td&gt;&lt;/tr&gt;&lt;tr&gt;&lt;td colspan="3"&gt;&lt;a href="selenium-screenshot-4262.png"&gt;&lt;img src="selenium-screenshot-4262.png" width="800px"&gt;&lt;/a&gt;</msg>
<msg timestamp="20221011 13:12:06.539" level="FAIL">Element with locator '//input[@id='ocsMaBalance']' not found.</msg>
<status status="FAIL" starttime="20221011 13:12:06.249" endtime="20221011 13:12:06.565"/>
</kw>
<kw name="Get Text" library="SeleniumLibrary">
<var>${ServiceId}</var>
<arg>//input[@id='serviceId']</arg>
<doc>Returns the text value of the element identified by ``locator``.</doc>
<status status="NOT RUN" starttime="20221011 13:12:06.566" endtime="20221011 13:12:06.566"/>
</kw>
<kw name="Log To Console" library="BuiltIn">
<arg>${ServiceId}</arg>
<doc>Logs the given message to the console.</doc>
<status status="NOT RUN" starttime="20221011 13:12:06.566" endtime="20221011 13:12:06.566"/>
</kw>
<kw name="Get Text" library="SeleniumLibrary">
<var>${ServiceName}</var>
<arg>//input[@id='serviceId']</arg>
<doc>Returns the text value of the element identified by ``locator``.</doc>
<status status="NOT RUN" starttime="20221011 13:12:06.566" endtime="20221011 13:12:06.566"/>
</kw>
<kw name="Log To Console" library="BuiltIn">
<arg>${ServiceName}</arg>
<doc>Logs the given message to the console.</doc>
<status status="NOT RUN" starttime="20221011 13:12:06.566" endtime="20221011 13:12:06.566"/>
</kw>
<kw name="Click Item" library="Common">
<arg>${ServiceDetailsPage}[EditDetails]</arg>
<status status="NOT RUN" starttime="20221011 13:12:06.566" endtime="20221011 13:12:06.566"/>
</kw>
<kw name="Set Input" library="Common">
<arg>${ServiceDetailsPage}[ServiceNameInput]</arg>
<arg>${serviceIndex}</arg>
<status status="NOT RUN" starttime="20221011 13:12:06.566" endtime="20221011 13:12:06.566"/>
</kw>
<kw name="Sleep" library="BuiltIn">
<arg>2s</arg>
<doc>Pauses the test executed for the given time.</doc>
<status status="NOT RUN" starttime="20221011 13:12:06.566" endtime="20221011 13:12:06.566"/>
</kw>
<kw name="Click Item" library="Common">
<arg>${ServiceDetailsPage}[Submit]</arg>
<status status="NOT RUN" starttime="20221011 13:12:06.567" endtime="20221011 13:12:06.567"/>
</kw>
<kw name="Sleep" library="BuiltIn">
<arg>4s</arg>
<doc>Pauses the test executed for the given time.</doc>
<status status="NOT RUN" starttime="20221011 13:12:06.567" endtime="20221011 13:12:06.567"/>
</kw>
<status status="FAIL" starttime="20221011 13:11:58.662" endtime="20221011 13:12:06.568"/>
</kw>
<kw name="Execute Suite Teardown" library="Common" type="TEARDOWN">
<doc>Closes all open browsers and resets the browser cache.</doc>
<kw name="Run Keyword And Return Status" library="BuiltIn">
<var>${present}</var>
<arg>Variable Should Exist</arg>
<arg>${download directory}</arg>
<doc>Runs the given keyword with given arguments and returns the status as a Boolean value.</doc>
<kw name="Variable Should Exist" library="BuiltIn">
<arg>${download directory}</arg>
<doc>Fails unless the given variable exists within the current scope.</doc>
<msg timestamp="20221011 13:12:06.571" level="FAIL">Variable '${download directory}' does not exist.</msg>
<status status="FAIL" starttime="20221011 13:12:06.569" endtime="20221011 13:12:06.574"/>
</kw>
<msg timestamp="20221011 13:12:06.574" level="INFO">${present} = False</msg>
<status status="PASS" starttime="20221011 13:12:06.568" endtime="20221011 13:12:06.574"/>
</kw>
<if>
<branch type="IF" condition="${present}">
<kw name="Empty Directory" library="OperatingSystem">
<arg>${download directory}</arg>
<doc>Deletes all the content from the given directory.</doc>
<status status="NOT RUN" starttime="20221011 13:12:06.575" endtime="20221011 13:12:06.575"/>
</kw>
<kw name="Remove Directory" library="OperatingSystem">
<arg>${download directory}</arg>
<doc>Removes the directory pointed to by the given ``path``.</doc>
<status status="NOT RUN" starttime="20221011 13:12:06.575" endtime="20221011 13:12:06.575"/>
</kw>
<status status="NOT RUN" starttime="20221011 13:12:06.575" endtime="20221011 13:12:06.575"/>
</branch>
<status status="PASS" starttime="20221011 13:12:06.574" endtime="20221011 13:12:06.575"/>
</if>
<kw name="Close All Browsers" library="SeleniumLibrary">
<doc>Closes all open browsers and resets the browser cache.</doc>
<status status="PASS" starttime="20221011 13:12:06.575" endtime="20221011 13:12:08.694"/>
</kw>
<kw name="Print" library="Common">
<arg>finished =&gt; Execute Suite Teardown</arg>
<kw name="Log To Console" library="BuiltIn">
<arg>\n${message}</arg>
<doc>Logs the given message to the console.</doc>
<status status="PASS" starttime="20221011 13:12:08.695" endtime="20221011 13:12:08.697"/>
</kw>
<status status="PASS" starttime="20221011 13:12:08.694" endtime="20221011 13:12:08.697"/>
</kw>
<status status="PASS" starttime="20221011 13:12:06.568" endtime="20221011 13:12:08.697"/>
</kw>
<doc>"Service level functionalities for Enterprice level customer"</doc>
<status status="FAIL" starttime="20221011 13:11:35.512" endtime="20221011 13:12:08.698">Element with locator '//input[@id='ocsMaBalance']' not found.</status>
</test>
<doc>"Service level functionalities for Enterprice level customer"</doc>
<status status="FAIL" starttime="20221011 13:11:34.535" endtime="20221011 13:12:08.701"/>
</suite>
<statistics>
<total>
<stat pass="0" fail="1" skip="0">All Tests</stat>
</total>
<tag>
</tag>
<suite>
<stat pass="0" fail="1" skip="0" id="s1" name="CRM TC 017">CRM TC 017</stat>
</suite>
</statistics>
<errors>
</errors>
</robot>
