<?xml version="1.0" encoding="UTF-8"?>
<robot generator="Robot 5.0 (Python 3.10.4 on win32)" generated="20220927 16:22:56.347" rpa="false" schemaversion="3">
<suite id="s1" name="CRM TC 008" source="D:\Repositories2\wkd_auto-29-06-2022\wkd_auto-29-06-2022\TestCases\CRM_TC_008.robot">
<test id="s1-t1" name="TEST CASE 008" line="32">
<kw name="Execute Suite Setup as User" library="Common" type="SETUP">
<doc>Open Browser on Test or preproduction environment</doc>
<kw name="Open Browser" library="SeleniumLibrary">
<arg>${URL}</arg>
<arg>${Broswer}</arg>
<arg>${TestData}[Browser]</arg>
<arg>options=add_argument("--ignore-certificate-errors")</arg>
<doc>Opens a new browser instance to the optional ``url``.</doc>
<msg timestamp="20220927 16:22:57.857" level="INFO">Opening browser 'chrome' to base url 'https://keycloak.prod.10.0.14.241.nip.io/auth/realms/Safaricom/protocol/openid-connect/auth?client_id=CRMUI&amp;redirect_uri=https%3A%2F%2Fprod.crm-impl.10.0.14.241.nip.io%2Fcrm-ui&amp;state=3f318530-b889-49b1-85c1-44eb282ae0bf&amp;response_mode=fragment&amp;response_type=code&amp;scope=openid&amp;nonce=a3442aa2-c5b7-4de5-b33f-41af8a715a33'.</msg>
<status status="PASS" starttime="20220927 16:22:57.856" endtime="20220927 16:23:00.601"/>
</kw>
<kw name="Maximize Browser Window" library="SeleniumLibrary">
<doc>Maximizes current browser window.</doc>
<status status="PASS" starttime="20220927 16:23:00.601" endtime="20220927 16:23:00.748"/>
</kw>
<status status="PASS" starttime="20220927 16:22:57.856" endtime="20220927 16:23:00.749"/>
</kw>
<kw name="Login to SSO UI" library="SSO_Login_Keyword">
<arg>${CRM_CREDENTIAL}[username]</arg>
<arg>${CRM_CREDENTIAL}[password]</arg>
<kw name="Wait Until Keyword Succeeds" library="BuiltIn">
<arg>${TimeOut}</arg>
<arg>${Start}</arg>
<arg>click element</arg>
<arg>${LoginPage}[UserName]</arg>
<doc>Runs the specified keyword and retries if it fails.</doc>
<kw name="Click Element" library="SeleniumLibrary">
<arg>${LoginPage}[UserName]</arg>
<doc>Click the element identified by ``locator``.</doc>
<msg timestamp="20220927 16:23:00.754" level="INFO">Clicking element '//input[@name='username']'.</msg>
<status status="PASS" starttime="20220927 16:23:00.753" endtime="20220927 16:23:00.835"/>
</kw>
<status status="PASS" starttime="20220927 16:23:00.752" endtime="20220927 16:23:00.835"/>
</kw>
<kw name="Wait Until Keyword Succeeds" library="BuiltIn">
<arg>${TimeOut}</arg>
<arg>${Start}</arg>
<arg>input text</arg>
<arg>${LoginPage}[UserName]</arg>
<arg>${user}</arg>
<doc>Runs the specified keyword and retries if it fails.</doc>
<kw name="Input Text" library="SeleniumLibrary">
<arg>${LoginPage}[UserName]</arg>
<arg>${user}</arg>
<doc>Types the given ``text`` into the text field identified by ``locator``.</doc>
<msg timestamp="20220927 16:23:00.837" level="INFO">Typing text 'crmtest@6d.co.in' into text field '//input[@name='username']'.</msg>
<status status="PASS" starttime="20220927 16:23:00.836" endtime="20220927 16:23:00.958"/>
</kw>
<status status="PASS" starttime="20220927 16:23:00.835" endtime="20220927 16:23:00.958"/>
</kw>
<kw name="Click Element" library="SeleniumLibrary">
<arg>${LoginPage}[Password]</arg>
<doc>Click the element identified by ``locator``.</doc>
<msg timestamp="20220927 16:23:00.958" level="INFO">Clicking element '//input[@name='password']'.</msg>
<status status="PASS" starttime="20220927 16:23:00.958" endtime="20220927 16:23:01.018"/>
</kw>
<kw name="Input Text" library="SeleniumLibrary">
<arg>${LoginPage}[Password]</arg>
<arg>${pass}</arg>
<doc>Types the given ``text`` into the text field identified by ``locator``.</doc>
<msg timestamp="20220927 16:23:01.019" level="INFO">Typing text 'Admin@123' into text field '//input[@name='password']'.</msg>
<status status="PASS" starttime="20220927 16:23:01.018" endtime="20220927 16:23:01.096"/>
</kw>
<kw name="Click Element" library="SeleniumLibrary">
<arg>${LoginPage}[Loginbtn]</arg>
<doc>Click the element identified by ``locator``.</doc>
<msg timestamp="20220927 16:23:01.097" level="INFO">Clicking element '//*[@id='kc-login']'.</msg>
<status status="PASS" starttime="20220927 16:23:01.096" endtime="20220927 16:23:05.167"/>
</kw>
<kw name="Sleep" library="BuiltIn">
<arg>10s</arg>
<doc>Pauses the test executed for the given time.</doc>
<msg timestamp="20220927 16:23:15.183" level="INFO">Slept 10 seconds</msg>
<status status="PASS" starttime="20220927 16:23:05.168" endtime="20220927 16:23:15.183"/>
</kw>
<status status="PASS" starttime="20220927 16:23:00.750" endtime="20220927 16:23:15.183"/>
</kw>
<kw name="Onboarding-SA_FORMS" library="CRM_UI_Keywords">
<arg>TC_001</arg>
<arg>TD_01</arg>
<kw name="Fetch From Excel" library="Read_TestData_Keyword">
<var>${PROFILE}</var>
<arg>${WKD_CRM_TESTDATA}</arg>
<arg>Onboarding_SA_FORM</arg>
<arg>${caseID}</arg>
<arg>${dataID}</arg>
<kw name="Fetch From ExcelData" library="ReadDataFromExcel">
<var>${celldata}</var>
<arg>${filename}</arg>
<arg>${sheetname}</arg>
<arg>${TestCaseID}</arg>
<arg>${TestDataID}</arg>
<msg timestamp="20220927 16:23:15.442" level="INFO">${celldata} =            DUPLICATE_ENTRY TestCaseId TestDataId  ...              WebAdrress     DocumentType                                           FilePath
TestDataId                                        ... ...</msg>
<status status="PASS" starttime="20220927 16:23:15.188" endtime="20220927 16:23:15.442"/>
</kw>
<msg timestamp="20220927 16:23:15.467" level="INFO">${PROFILE} =            DUPLICATE_ENTRY TestCaseId TestDataId  ...              WebAdrress     DocumentType                                           FilePath
TestDataId                                        ... ...</msg>
<status status="PASS" starttime="20220927 16:23:15.186" endtime="20220927 16:23:15.467"/>
</kw>
<kw name="Get Data" library="ReadDataFromExcel">
<var>${SAFORM_ID}</var>
<arg>${PROFILE}</arg>
<arg>SAFORM_ID</arg>
<msg timestamp="20220927 16:23:15.473" level="INFO">TestDataId
TD_01    SA_27092022133355
Name: SAFORM_ID, dtype: object</msg>
<msg timestamp="20220927 16:23:15.473" level="INFO">${SAFORM_ID} = SA_27092022133355</msg>
<status status="PASS" starttime="20220927 16:23:15.467" endtime="20220927 16:23:15.473"/>
</kw>
<kw name="Get Data" library="ReadDataFromExcel">
<var>${BusinessDescription}</var>
<arg>${PROFILE}</arg>
<arg>BusinessDescription</arg>
<msg timestamp="20220927 16:23:15.478" level="INFO">TestDataId
TD_01    Agriculture
Name: BusinessDescription, dtype: object</msg>
<msg timestamp="20220927 16:23:15.479" level="INFO">${BusinessDescription} = Agriculture</msg>
<status status="PASS" starttime="20220927 16:23:15.474" endtime="20220927 16:23:15.479"/>
</kw>
<kw name="Get Data" library="ReadDataFromExcel">
<var>${WebAdrress}</var>
<arg>${PROFILE}</arg>
<arg>WebAdrress</arg>
<msg timestamp="20220927 16:23:15.484" level="INFO">TestDataId
TD_01    http://www.testing.com
Name: WebAdrress, dtype: object</msg>
<msg timestamp="20220927 16:23:15.485" level="INFO">${WebAdrress} = http://www.testing.com</msg>
<status status="PASS" starttime="20220927 16:23:15.480" endtime="20220927 16:23:15.485"/>
</kw>
<kw name="Get Data" library="ReadDataFromExcel">
<var>${DocumentType}</var>
<arg>${PROFILE}</arg>
<arg>DocumentType</arg>
<msg timestamp="20220927 16:23:15.489" level="INFO">TestDataId
TD_01    Bank Statements
Name: DocumentType, dtype: object</msg>
<msg timestamp="20220927 16:23:15.489" level="INFO">${DocumentType} = Bank Statements</msg>
<status status="PASS" starttime="20220927 16:23:15.485" endtime="20220927 16:23:15.489"/>
</kw>
<kw name="Get Data" library="ReadDataFromExcel">
<var>${FilePath}</var>
<arg>${PROFILE}</arg>
<arg>FilePath</arg>
<msg timestamp="20220927 16:23:15.493" level="INFO">TestDataId
TD_01    D:/Repositories2/wkd_auto-29-06-2022/wkd_auto-...
Name: FilePath, dtype: object</msg>
<msg timestamp="20220927 16:23:15.494" level="INFO">${FilePath} = D:/Repositories2/wkd_auto-29-06-2022/wkd_auto-29-06-2022/TestCases/passport copy (1).pdf</msg>
<status status="PASS" starttime="20220927 16:23:15.490" endtime="20220927 16:23:15.494"/>
</kw>
<kw name="Click Item" library="Common">
<arg>//div[contains(text(),'Onboarding')]</arg>
<kw name="Verify elements is visible and displayed" library="Common">
<arg>${locator}</arg>
<doc>Keyword to verify locator is enabled and visibled on a page.</doc>
<kw name="Wait Until Element Is Enabled" library="SeleniumLibrary">
<arg>${locator}</arg>
<arg>timeout=60</arg>
<doc>Waits until the element ``locator`` is enabled.</doc>
<status status="PASS" starttime="20220927 16:23:15.496" endtime="20220927 16:23:15.572"/>
</kw>
<kw name="Wait Until Element Is Visible" library="SeleniumLibrary">
<arg>${locator}</arg>
<arg>timeout=60</arg>
<doc>Waits until the element ``locator`` is visible.</doc>
<status status="PASS" starttime="20220927 16:23:15.573" endtime="20220927 16:23:15.614"/>
</kw>
<kw name="Page Should Contain Element" library="SeleniumLibrary">
<arg>${locator}</arg>
<arg>timeout=60</arg>
<doc>Verifies that element ``locator`` is found on the current page.</doc>
<msg timestamp="20220927 16:23:15.630" level="INFO">Current page contains element '//div[contains(text(),'Onboarding')]'.</msg>
<status status="PASS" starttime="20220927 16:23:15.615" endtime="20220927 16:23:15.630"/>
</kw>
<kw name="Wait Until Keyword Succeeds" library="BuiltIn">
<arg>${TimeOut}</arg>
<arg>${Start}</arg>
<arg>wait until page contains element</arg>
<arg>${locator}</arg>
<doc>Runs the specified keyword and retries if it fails.</doc>
<kw name="Wait Until Page Contains Element" library="SeleniumLibrary">
<arg>${locator}</arg>
<doc>Waits until the element ``locator`` appears on the current page.</doc>
<status status="PASS" starttime="20220927 16:23:15.633" endtime="20220927 16:23:15.649"/>
</kw>
<status status="PASS" starttime="20220927 16:23:15.631" endtime="20220927 16:23:15.649"/>
</kw>
<status status="PASS" starttime="20220927 16:23:15.495" endtime="20220927 16:23:15.650"/>
</kw>
<kw name="Wait Until Keyword Succeeds" library="BuiltIn">
<arg>${TimeOut}</arg>
<arg>${Start}</arg>
<arg>click element</arg>
<arg>${locator}</arg>
<doc>Runs the specified keyword and retries if it fails.</doc>
<kw name="Click Element" library="SeleniumLibrary">
<arg>${locator}</arg>
<doc>Click the element identified by ``locator``.</doc>
<msg timestamp="20220927 16:23:15.652" level="INFO">Clicking element '//div[contains(text(),'Onboarding')]'.</msg>
<status status="PASS" starttime="20220927 16:23:15.651" endtime="20220927 16:23:15.760"/>
</kw>
<status status="PASS" starttime="20220927 16:23:15.650" endtime="20220927 16:23:15.760"/>
</kw>
<status status="PASS" starttime="20220927 16:23:15.494" endtime="20220927 16:23:15.760"/>
</kw>
<kw name="Click Item" library="Common">
<arg>//a[@id='/saForms']</arg>
<kw name="Verify elements is visible and displayed" library="Common">
<arg>${locator}</arg>
<doc>Keyword to verify locator is enabled and visibled on a page.</doc>
<kw name="Wait Until Element Is Enabled" library="SeleniumLibrary">
<arg>${locator}</arg>
<arg>timeout=60</arg>
<doc>Waits until the element ``locator`` is enabled.</doc>
<status status="PASS" starttime="20220927 16:23:15.762" endtime="20220927 16:23:15.823"/>
</kw>
<kw name="Wait Until Element Is Visible" library="SeleniumLibrary">
<arg>${locator}</arg>
<arg>timeout=60</arg>
<doc>Waits until the element ``locator`` is visible.</doc>
<status status="PASS" starttime="20220927 16:23:15.823" endtime="20220927 16:23:15.871"/>
</kw>
<kw name="Page Should Contain Element" library="SeleniumLibrary">
<arg>${locator}</arg>
<arg>timeout=60</arg>
<doc>Verifies that element ``locator`` is found on the current page.</doc>
<msg timestamp="20220927 16:23:15.891" level="INFO">Current page contains element '//a[@id='/saForms']'.</msg>
<status status="PASS" starttime="20220927 16:23:15.872" endtime="20220927 16:23:15.891"/>
</kw>
<kw name="Wait Until Keyword Succeeds" library="BuiltIn">
<arg>${TimeOut}</arg>
<arg>${Start}</arg>
<arg>wait until page contains element</arg>
<arg>${locator}</arg>
<doc>Runs the specified keyword and retries if it fails.</doc>
<kw name="Wait Until Page Contains Element" library="SeleniumLibrary">
<arg>${locator}</arg>
<doc>Waits until the element ``locator`` appears on the current page.</doc>
<status status="PASS" starttime="20220927 16:23:15.894" endtime="20220927 16:23:15.909"/>
</kw>
<status status="PASS" starttime="20220927 16:23:15.892" endtime="20220927 16:23:15.909"/>
</kw>
<status status="PASS" starttime="20220927 16:23:15.761" endtime="20220927 16:23:15.910"/>
</kw>
<kw name="Wait Until Keyword Succeeds" library="BuiltIn">
<arg>${TimeOut}</arg>
<arg>${Start}</arg>
<arg>click element</arg>
<arg>${locator}</arg>
<doc>Runs the specified keyword and retries if it fails.</doc>
<kw name="Click Element" library="SeleniumLibrary">
<arg>${locator}</arg>
<doc>Click the element identified by ``locator``.</doc>
<msg timestamp="20220927 16:23:15.912" level="INFO">Clicking element '//a[@id='/saForms']'.</msg>
<status status="PASS" starttime="20220927 16:23:15.911" endtime="20220927 16:23:16.005"/>
</kw>
<status status="PASS" starttime="20220927 16:23:15.910" endtime="20220927 16:23:16.005"/>
</kw>
<status status="PASS" starttime="20220927 16:23:15.760" endtime="20220927 16:23:16.006"/>
</kw>
<kw name="Click Item" library="Common">
<arg>//span[@class='adv_search']</arg>
<kw name="Verify elements is visible and displayed" library="Common">
<arg>${locator}</arg>
<doc>Keyword to verify locator is enabled and visibled on a page.</doc>
<kw name="Wait Until Element Is Enabled" library="SeleniumLibrary">
<arg>${locator}</arg>
<arg>timeout=60</arg>
<doc>Waits until the element ``locator`` is enabled.</doc>
<status status="PASS" starttime="20220927 16:23:16.009" endtime="20220927 16:23:16.713"/>
</kw>
<kw name="Wait Until Element Is Visible" library="SeleniumLibrary">
<arg>${locator}</arg>
<arg>timeout=60</arg>
<doc>Waits until the element ``locator`` is visible.</doc>
<status status="PASS" starttime="20220927 16:23:16.713" endtime="20220927 16:23:16.745"/>
</kw>
<kw name="Page Should Contain Element" library="SeleniumLibrary">
<arg>${locator}</arg>
<arg>timeout=60</arg>
<doc>Verifies that element ``locator`` is found on the current page.</doc>
<msg timestamp="20220927 16:23:16.764" level="INFO">Current page contains element '//span[@class='adv_search']'.</msg>
<status status="PASS" starttime="20220927 16:23:16.746" endtime="20220927 16:23:16.764"/>
</kw>
<kw name="Wait Until Keyword Succeeds" library="BuiltIn">
<arg>${TimeOut}</arg>
<arg>${Start}</arg>
<arg>wait until page contains element</arg>
<arg>${locator}</arg>
<doc>Runs the specified keyword and retries if it fails.</doc>
<kw name="Wait Until Page Contains Element" library="SeleniumLibrary">
<arg>${locator}</arg>
<doc>Waits until the element ``locator`` appears on the current page.</doc>
<status status="PASS" starttime="20220927 16:23:16.767" endtime="20220927 16:23:16.784"/>
</kw>
<status status="PASS" starttime="20220927 16:23:16.764" endtime="20220927 16:23:16.784"/>
</kw>
<status status="PASS" starttime="20220927 16:23:16.007" endtime="20220927 16:23:16.785"/>
</kw>
<kw name="Wait Until Keyword Succeeds" library="BuiltIn">
<arg>${TimeOut}</arg>
<arg>${Start}</arg>
<arg>click element</arg>
<arg>${locator}</arg>
<doc>Runs the specified keyword and retries if it fails.</doc>
<kw name="Click Element" library="SeleniumLibrary">
<arg>${locator}</arg>
<doc>Click the element identified by ``locator``.</doc>
<msg timestamp="20220927 16:23:16.790" level="INFO">Clicking element '//span[@class='adv_search']'.</msg>
<status status="PASS" starttime="20220927 16:23:16.789" endtime="20220927 16:23:17.445"/>
</kw>
<status status="PASS" starttime="20220927 16:23:16.787" endtime="20220927 16:23:17.445"/>
</kw>
<status status="PASS" starttime="20220927 16:23:16.006" endtime="20220927 16:23:17.445"/>
</kw>
<kw name="Set Input" library="Common">
<arg>//input[@id='saFormId']</arg>
<arg>${SAFORM_ID}</arg>
<kw name="Click Item" library="Common">
<arg>${locator}</arg>
<kw name="Verify elements is visible and displayed" library="Common">
<arg>${locator}</arg>
<doc>Keyword to verify locator is enabled and visibled on a page.</doc>
<kw name="Wait Until Element Is Enabled" library="SeleniumLibrary">
<arg>${locator}</arg>
<arg>timeout=60</arg>
<doc>Waits until the element ``locator`` is enabled.</doc>
<status status="PASS" starttime="20220927 16:23:17.450" endtime="20220927 16:23:17.496"/>
</kw>
<kw name="Wait Until Element Is Visible" library="SeleniumLibrary">
<arg>${locator}</arg>
<arg>timeout=60</arg>
<doc>Waits until the element ``locator`` is visible.</doc>
<status status="PASS" starttime="20220927 16:23:17.496" endtime="20220927 16:23:17.537"/>
</kw>
<kw name="Page Should Contain Element" library="SeleniumLibrary">
<arg>${locator}</arg>
<arg>timeout=60</arg>
<doc>Verifies that element ``locator`` is found on the current page.</doc>
<msg timestamp="20220927 16:23:17.553" level="INFO">Current page contains element '//input[@id='saFormId']'.</msg>
<status status="PASS" starttime="20220927 16:23:17.537" endtime="20220927 16:23:17.554"/>
</kw>
<kw name="Wait Until Keyword Succeeds" library="BuiltIn">
<arg>${TimeOut}</arg>
<arg>${Start}</arg>
<arg>wait until page contains element</arg>
<arg>${locator}</arg>
<doc>Runs the specified keyword and retries if it fails.</doc>
<kw name="Wait Until Page Contains Element" library="SeleniumLibrary">
<arg>${locator}</arg>
<doc>Waits until the element ``locator`` appears on the current page.</doc>
<status status="PASS" starttime="20220927 16:23:17.556" endtime="20220927 16:23:17.570"/>
</kw>
<status status="PASS" starttime="20220927 16:23:17.554" endtime="20220927 16:23:17.570"/>
</kw>
<status status="PASS" starttime="20220927 16:23:17.449" endtime="20220927 16:23:17.570"/>
</kw>
<kw name="Wait Until Keyword Succeeds" library="BuiltIn">
<arg>${TimeOut}</arg>
<arg>${Start}</arg>
<arg>click element</arg>
<arg>${locator}</arg>
<doc>Runs the specified keyword and retries if it fails.</doc>
<kw name="Click Element" library="SeleniumLibrary">
<arg>${locator}</arg>
<doc>Click the element identified by ``locator``.</doc>
<msg timestamp="20220927 16:23:17.574" level="INFO">Clicking element '//input[@id='saFormId']'.</msg>
<status status="PASS" starttime="20220927 16:23:17.573" endtime="20220927 16:23:17.671"/>
</kw>
<status status="PASS" starttime="20220927 16:23:17.571" endtime="20220927 16:23:17.671"/>
</kw>
<status status="PASS" starttime="20220927 16:23:17.447" endtime="20220927 16:23:17.671"/>
</kw>
<kw name="Run Keyword If" library="BuiltIn">
<arg>'${value}' == 'nan'</arg>
<arg>Log To Console</arg>
<arg>NANACONDITION</arg>
<arg>ELSE IF</arg>
<arg>'${value}' == 'BLANK'</arg>
<arg>Wait Until Keyword Succeeds</arg>
<arg>${TimeOut}</arg>
<arg>${Start}</arg>
<arg>input text</arg>
<arg>${locator}</arg>
<arg>\</arg>
<arg>ELSE</arg>
<arg>Wait Until Keyword Succeeds</arg>
<arg>${TimeOut}</arg>
<arg>${Start}</arg>
<arg>input text</arg>
<arg>${locator}</arg>
<arg>${value}</arg>
<doc>Runs the given keyword with the given arguments, if ``condition`` is true.</doc>
<kw name="Wait Until Keyword Succeeds" library="BuiltIn">
<arg>${TimeOut}</arg>
<arg>${Start}</arg>
<arg>input text</arg>
<arg>${locator}</arg>
<arg>${value}</arg>
<doc>Runs the specified keyword and retries if it fails.</doc>
<kw name="Input Text" library="SeleniumLibrary">
<arg>${locator}</arg>
<arg>${value}</arg>
<doc>Types the given ``text`` into the text field identified by ``locator``.</doc>
<msg timestamp="20220927 16:23:17.676" level="INFO">Typing text 'SA_27092022133355' into text field '//input[@id='saFormId']'.</msg>
<status status="PASS" starttime="20220927 16:23:17.675" endtime="20220927 16:23:17.798"/>
</kw>
<status status="PASS" starttime="20220927 16:23:17.673" endtime="20220927 16:23:17.798"/>
</kw>
<status status="PASS" starttime="20220927 16:23:17.672" endtime="20220927 16:23:17.798"/>
</kw>
<status status="PASS" starttime="20220927 16:23:17.446" endtime="20220927 16:23:17.798"/>
</kw>
<kw name="Click Item" library="Common">
<arg>//button[normalize-space()='Search']</arg>
<kw name="Verify elements is visible and displayed" library="Common">
<arg>${locator}</arg>
<doc>Keyword to verify locator is enabled and visibled on a page.</doc>
<kw name="Wait Until Element Is Enabled" library="SeleniumLibrary">
<arg>${locator}</arg>
<arg>timeout=60</arg>
<doc>Waits until the element ``locator`` is enabled.</doc>
<status status="PASS" starttime="20220927 16:23:17.801" endtime="20220927 16:23:17.841"/>
</kw>
<kw name="Wait Until Element Is Visible" library="SeleniumLibrary">
<arg>${locator}</arg>
<arg>timeout=60</arg>
<doc>Waits until the element ``locator`` is visible.</doc>
<status status="PASS" starttime="20220927 16:23:17.842" endtime="20220927 16:23:17.879"/>
</kw>
<kw name="Page Should Contain Element" library="SeleniumLibrary">
<arg>${locator}</arg>
<arg>timeout=60</arg>
<doc>Verifies that element ``locator`` is found on the current page.</doc>
<msg timestamp="20220927 16:23:17.892" level="INFO">Current page contains element '//button[normalize-space()='Search']'.</msg>
<status status="PASS" starttime="20220927 16:23:17.880" endtime="20220927 16:23:17.893"/>
</kw>
<kw name="Wait Until Keyword Succeeds" library="BuiltIn">
<arg>${TimeOut}</arg>
<arg>${Start}</arg>
<arg>wait until page contains element</arg>
<arg>${locator}</arg>
<doc>Runs the specified keyword and retries if it fails.</doc>
<kw name="Wait Until Page Contains Element" library="SeleniumLibrary">
<arg>${locator}</arg>
<doc>Waits until the element ``locator`` appears on the current page.</doc>
<status status="PASS" starttime="20220927 16:23:17.894" endtime="20220927 16:23:17.910"/>
</kw>
<status status="PASS" starttime="20220927 16:23:17.893" endtime="20220927 16:23:17.910"/>
</kw>
<status status="PASS" starttime="20220927 16:23:17.800" endtime="20220927 16:23:17.911"/>
</kw>
<kw name="Wait Until Keyword Succeeds" library="BuiltIn">
<arg>${TimeOut}</arg>
<arg>${Start}</arg>
<arg>click element</arg>
<arg>${locator}</arg>
<doc>Runs the specified keyword and retries if it fails.</doc>
<kw name="Click Element" library="SeleniumLibrary">
<arg>${locator}</arg>
<doc>Click the element identified by ``locator``.</doc>
<msg timestamp="20220927 16:23:17.913" level="INFO">Clicking element '//button[normalize-space()='Search']'.</msg>
<status status="PASS" starttime="20220927 16:23:17.912" endtime="20220927 16:23:18.461"/>
</kw>
<status status="PASS" starttime="20220927 16:23:17.911" endtime="20220927 16:23:18.461"/>
</kw>
<status status="PASS" starttime="20220927 16:23:17.800" endtime="20220927 16:23:18.461"/>
</kw>
<kw name="Click Item" library="Common">
<arg>//button[@class='action-btn-popover btn btn-secondary']</arg>
<kw name="Verify elements is visible and displayed" library="Common">
<arg>${locator}</arg>
<doc>Keyword to verify locator is enabled and visibled on a page.</doc>
<kw name="Wait Until Element Is Enabled" library="SeleniumLibrary">
<arg>${locator}</arg>
<arg>timeout=60</arg>
<doc>Waits until the element ``locator`` is enabled.</doc>
<status status="PASS" starttime="20220927 16:23:18.464" endtime="20220927 16:23:18.520"/>
</kw>
<kw name="Wait Until Element Is Visible" library="SeleniumLibrary">
<arg>${locator}</arg>
<arg>timeout=60</arg>
<doc>Waits until the element ``locator`` is visible.</doc>
<status status="PASS" starttime="20220927 16:23:18.521" endtime="20220927 16:23:18.565"/>
</kw>
<kw name="Page Should Contain Element" library="SeleniumLibrary">
<arg>${locator}</arg>
<arg>timeout=60</arg>
<doc>Verifies that element ``locator`` is found on the current page.</doc>
<msg timestamp="20220927 16:23:18.580" level="INFO">Current page contains element '//button[@class='action-btn-popover btn btn-secondary']'.</msg>
<status status="PASS" starttime="20220927 16:23:18.565" endtime="20220927 16:23:18.580"/>
</kw>
<kw name="Wait Until Keyword Succeeds" library="BuiltIn">
<arg>${TimeOut}</arg>
<arg>${Start}</arg>
<arg>wait until page contains element</arg>
<arg>${locator}</arg>
<doc>Runs the specified keyword and retries if it fails.</doc>
<kw name="Wait Until Page Contains Element" library="SeleniumLibrary">
<arg>${locator}</arg>
<doc>Waits until the element ``locator`` appears on the current page.</doc>
<status status="PASS" starttime="20220927 16:23:18.583" endtime="20220927 16:23:18.603"/>
</kw>
<status status="PASS" starttime="20220927 16:23:18.581" endtime="20220927 16:23:18.603"/>
</kw>
<status status="PASS" starttime="20220927 16:23:18.463" endtime="20220927 16:23:18.604"/>
</kw>
<kw name="Wait Until Keyword Succeeds" library="BuiltIn">
<arg>${TimeOut}</arg>
<arg>${Start}</arg>
<arg>click element</arg>
<arg>${locator}</arg>
<doc>Runs the specified keyword and retries if it fails.</doc>
<kw name="Click Element" library="SeleniumLibrary">
<arg>${locator}</arg>
<doc>Click the element identified by ``locator``.</doc>
<msg timestamp="20220927 16:23:18.606" level="INFO">Clicking element '//button[@class='action-btn-popover btn btn-secondary']'.</msg>
<status status="PASS" starttime="20220927 16:23:18.605" endtime="20220927 16:23:18.923"/>
</kw>
<status status="PASS" starttime="20220927 16:23:18.604" endtime="20220927 16:23:18.923"/>
</kw>
<status status="PASS" starttime="20220927 16:23:18.461" endtime="20220927 16:23:18.923"/>
</kw>
<kw name="Click Item" library="Common">
<arg>//button[@aria-label='Release']//div[2]</arg>
<kw name="Verify elements is visible and displayed" library="Common">
<arg>${locator}</arg>
<doc>Keyword to verify locator is enabled and visibled on a page.</doc>
<kw name="Wait Until Element Is Enabled" library="SeleniumLibrary">
<arg>${locator}</arg>
<arg>timeout=60</arg>
<doc>Waits until the element ``locator`` is enabled.</doc>
<status status="PASS" starttime="20220927 16:23:18.927" endtime="20220927 16:23:18.971"/>
</kw>
<kw name="Wait Until Element Is Visible" library="SeleniumLibrary">
<arg>${locator}</arg>
<arg>timeout=60</arg>
<doc>Waits until the element ``locator`` is visible.</doc>
<status status="PASS" starttime="20220927 16:23:18.972" endtime="20220927 16:23:19.006"/>
</kw>
<kw name="Page Should Contain Element" library="SeleniumLibrary">
<arg>${locator}</arg>
<arg>timeout=60</arg>
<doc>Verifies that element ``locator`` is found on the current page.</doc>
<msg timestamp="20220927 16:23:19.021" level="INFO">Current page contains element '//button[@aria-label='Release']//div[2]'.</msg>
<status status="PASS" starttime="20220927 16:23:19.007" endtime="20220927 16:23:19.021"/>
</kw>
<kw name="Wait Until Keyword Succeeds" library="BuiltIn">
<arg>${TimeOut}</arg>
<arg>${Start}</arg>
<arg>wait until page contains element</arg>
<arg>${locator}</arg>
<doc>Runs the specified keyword and retries if it fails.</doc>
<kw name="Wait Until Page Contains Element" library="SeleniumLibrary">
<arg>${locator}</arg>
<doc>Waits until the element ``locator`` appears on the current page.</doc>
<status status="PASS" starttime="20220927 16:23:19.024" endtime="20220927 16:23:19.039"/>
</kw>
<status status="PASS" starttime="20220927 16:23:19.022" endtime="20220927 16:23:19.040"/>
</kw>
<status status="PASS" starttime="20220927 16:23:18.925" endtime="20220927 16:23:19.040"/>
</kw>
<kw name="Wait Until Keyword Succeeds" library="BuiltIn">
<arg>${TimeOut}</arg>
<arg>${Start}</arg>
<arg>click element</arg>
<arg>${locator}</arg>
<doc>Runs the specified keyword and retries if it fails.</doc>
<kw name="Click Element" library="SeleniumLibrary">
<arg>${locator}</arg>
<doc>Click the element identified by ``locator``.</doc>
<msg timestamp="20220927 16:23:19.043" level="INFO">Clicking element '//button[@aria-label='Release']//div[2]'.</msg>
<status status="PASS" starttime="20220927 16:23:19.042" endtime="20220927 16:23:19.183"/>
</kw>
<status status="PASS" starttime="20220927 16:23:19.041" endtime="20220927 16:23:19.184"/>
</kw>
<status status="PASS" starttime="20220927 16:23:18.924" endtime="20220927 16:23:19.184"/>
</kw>
<kw name="Handle PopUp" library="Common">
<arg>//span[text()='Release SuccessFully']</arg>
<arg>Release SuccessFully</arg>
<kw name="Verify elements is visible and displayed" library="Common">
<arg>${locator}</arg>
<doc>Keyword to verify locator is enabled and visibled on a page.</doc>
<kw name="Wait Until Element Is Enabled" library="SeleniumLibrary">
<arg>${locator}</arg>
<arg>timeout=60</arg>
<doc>Waits until the element ``locator`` is enabled.</doc>
<status status="PASS" starttime="20220927 16:23:19.188" endtime="20220927 16:23:19.467"/>
</kw>
<kw name="Wait Until Element Is Visible" library="SeleniumLibrary">
<arg>${locator}</arg>
<arg>timeout=60</arg>
<doc>Waits until the element ``locator`` is visible.</doc>
<status status="PASS" starttime="20220927 16:23:19.469" endtime="20220927 16:23:19.543"/>
</kw>
<kw name="Page Should Contain Element" library="SeleniumLibrary">
<arg>${locator}</arg>
<arg>timeout=60</arg>
<doc>Verifies that element ``locator`` is found on the current page.</doc>
<msg timestamp="20220927 16:23:19.557" level="INFO">Current page contains element '//span[text()='Release SuccessFully']'.</msg>
<status status="PASS" starttime="20220927 16:23:19.543" endtime="20220927 16:23:19.557"/>
</kw>
<kw name="Wait Until Keyword Succeeds" library="BuiltIn">
<arg>${TimeOut}</arg>
<arg>${Start}</arg>
<arg>wait until page contains element</arg>
<arg>${locator}</arg>
<doc>Runs the specified keyword and retries if it fails.</doc>
<kw name="Wait Until Page Contains Element" library="SeleniumLibrary">
<arg>${locator}</arg>
<doc>Waits until the element ``locator`` appears on the current page.</doc>
<status status="PASS" starttime="20220927 16:23:19.560" endtime="20220927 16:23:19.574"/>
</kw>
<status status="PASS" starttime="20220927 16:23:19.558" endtime="20220927 16:23:19.574"/>
</kw>
<status status="PASS" starttime="20220927 16:23:19.186" endtime="20220927 16:23:19.575"/>
</kw>
<kw name="Get Text" library="SeleniumLibrary">
<var>${String}</var>
<arg>${locator}</arg>
<doc>Returns the text value of the element identified by ``locator``.</doc>
<msg timestamp="20220927 16:23:19.614" level="INFO">${String} = Release SuccessFully</msg>
<status status="PASS" starttime="20220927 16:23:19.575" endtime="20220927 16:23:19.614"/>
</kw>
<kw name="Log To Console" library="BuiltIn">
<arg>------------------------</arg>
<doc>Logs the given message to the console.</doc>
<status status="PASS" starttime="20220927 16:23:19.615" endtime="20220927 16:23:19.621"/>
</kw>
<kw name="Log To Console" library="BuiltIn">
<arg>${String}</arg>
<doc>Logs the given message to the console.</doc>
<status status="PASS" starttime="20220927 16:23:19.622" endtime="20220927 16:23:19.623"/>
</kw>
<kw name="Log To Console" library="BuiltIn">
<arg>------------------------</arg>
<doc>Logs the given message to the console.</doc>
<status status="PASS" starttime="20220927 16:23:19.624" endtime="20220927 16:23:19.624"/>
</kw>
<kw name="Should Be Equal" library="BuiltIn">
<arg>${String}</arg>
<arg>${Expectedvalue}</arg>
<doc>Fails if the given objects are unequal.</doc>
<status status="PASS" starttime="20220927 16:23:19.625" endtime="20220927 16:23:19.625"/>
</kw>
<status status="PASS" starttime="20220927 16:23:19.185" endtime="20220927 16:23:19.626"/>
</kw>
<kw name="Sleep" library="BuiltIn">
<arg>10s</arg>
<doc>Pauses the test executed for the given time.</doc>
<msg timestamp="20220927 16:23:29.636" level="INFO">Slept 10 seconds</msg>
<status status="PASS" starttime="20220927 16:23:19.626" endtime="20220927 16:23:29.636"/>
</kw>
<kw name="Click Item" library="Common">
<arg>//button[@aria-label='Assign']//div[2]</arg>
<kw name="Verify elements is visible and displayed" library="Common">
<arg>${locator}</arg>
<doc>Keyword to verify locator is enabled and visibled on a page.</doc>
<kw name="Wait Until Element Is Enabled" library="SeleniumLibrary">
<arg>${locator}</arg>
<arg>timeout=60</arg>
<doc>Waits until the element ``locator`` is enabled.</doc>
<status status="PASS" starttime="20220927 16:23:29.639" endtime="20220927 16:23:29.704"/>
</kw>
<kw name="Wait Until Element Is Visible" library="SeleniumLibrary">
<arg>${locator}</arg>
<arg>timeout=60</arg>
<doc>Waits until the element ``locator`` is visible.</doc>
<status status="PASS" starttime="20220927 16:23:29.705" endtime="20220927 16:23:29.748"/>
</kw>
<kw name="Page Should Contain Element" library="SeleniumLibrary">
<arg>${locator}</arg>
<arg>timeout=60</arg>
<doc>Verifies that element ``locator`` is found on the current page.</doc>
<msg timestamp="20220927 16:23:29.768" level="INFO">Current page contains element '//button[@aria-label='Assign']//div[2]'.</msg>
<status status="PASS" starttime="20220927 16:23:29.749" endtime="20220927 16:23:29.769"/>
</kw>
<kw name="Wait Until Keyword Succeeds" library="BuiltIn">
<arg>${TimeOut}</arg>
<arg>${Start}</arg>
<arg>wait until page contains element</arg>
<arg>${locator}</arg>
<doc>Runs the specified keyword and retries if it fails.</doc>
<kw name="Wait Until Page Contains Element" library="SeleniumLibrary">
<arg>${locator}</arg>
<doc>Waits until the element ``locator`` appears on the current page.</doc>
<status status="PASS" starttime="20220927 16:23:29.771" endtime="20220927 16:23:29.789"/>
</kw>
<status status="PASS" starttime="20220927 16:23:29.769" endtime="20220927 16:23:29.789"/>
</kw>
<status status="PASS" starttime="20220927 16:23:29.638" endtime="20220927 16:23:29.789"/>
</kw>
<kw name="Wait Until Keyword Succeeds" library="BuiltIn">
<arg>${TimeOut}</arg>
<arg>${Start}</arg>
<arg>click element</arg>
<arg>${locator}</arg>
<doc>Runs the specified keyword and retries if it fails.</doc>
<kw name="Click Element" library="SeleniumLibrary">
<arg>${locator}</arg>
<doc>Click the element identified by ``locator``.</doc>
<msg timestamp="20220927 16:23:29.792" level="INFO">Clicking element '//button[@aria-label='Assign']//div[2]'.</msg>
<status status="PASS" starttime="20220927 16:23:29.792" endtime="20220927 16:23:29.947"/>
</kw>
<status status="PASS" starttime="20220927 16:23:29.789" endtime="20220927 16:23:29.947"/>
</kw>
<status status="PASS" starttime="20220927 16:23:29.637" endtime="20220927 16:23:29.948"/>
</kw>
<kw name="Sleep" library="BuiltIn">
<arg>10s</arg>
<doc>Pauses the test executed for the given time.</doc>
<msg timestamp="20220927 16:23:39.963" level="INFO">Slept 10 seconds</msg>
<status status="PASS" starttime="20220927 16:23:29.949" endtime="20220927 16:23:39.964"/>
</kw>
<kw name="Click Item" library="Common">
<arg>//button[@aria-label='SignedFileDownload']//div[2]</arg>
<kw name="Verify elements is visible and displayed" library="Common">
<arg>${locator}</arg>
<doc>Keyword to verify locator is enabled and visibled on a page.</doc>
<kw name="Wait Until Element Is Enabled" library="SeleniumLibrary">
<arg>${locator}</arg>
<arg>timeout=60</arg>
<doc>Waits until the element ``locator`` is enabled.</doc>
<status status="PASS" starttime="20220927 16:23:39.967" endtime="20220927 16:23:40.027"/>
</kw>
<kw name="Wait Until Element Is Visible" library="SeleniumLibrary">
<arg>${locator}</arg>
<arg>timeout=60</arg>
<doc>Waits until the element ``locator`` is visible.</doc>
<status status="PASS" starttime="20220927 16:23:40.028" endtime="20220927 16:23:40.078"/>
</kw>
<kw name="Page Should Contain Element" library="SeleniumLibrary">
<arg>${locator}</arg>
<arg>timeout=60</arg>
<doc>Verifies that element ``locator`` is found on the current page.</doc>
<msg timestamp="20220927 16:23:40.097" level="INFO">Current page contains element '//button[@aria-label='SignedFileDownload']//div[2]'.</msg>
<status status="PASS" starttime="20220927 16:23:40.079" endtime="20220927 16:23:40.098"/>
</kw>
<kw name="Wait Until Keyword Succeeds" library="BuiltIn">
<arg>${TimeOut}</arg>
<arg>${Start}</arg>
<arg>wait until page contains element</arg>
<arg>${locator}</arg>
<doc>Runs the specified keyword and retries if it fails.</doc>
<kw name="Wait Until Page Contains Element" library="SeleniumLibrary">
<arg>${locator}</arg>
<doc>Waits until the element ``locator`` appears on the current page.</doc>
<status status="PASS" starttime="20220927 16:23:40.101" endtime="20220927 16:23:40.122"/>
</kw>
<status status="PASS" starttime="20220927 16:23:40.098" endtime="20220927 16:23:40.123"/>
</kw>
<status status="PASS" starttime="20220927 16:23:39.966" endtime="20220927 16:23:40.123"/>
</kw>
<kw name="Wait Until Keyword Succeeds" library="BuiltIn">
<arg>${TimeOut}</arg>
<arg>${Start}</arg>
<arg>click element</arg>
<arg>${locator}</arg>
<doc>Runs the specified keyword and retries if it fails.</doc>
<kw name="Click Element" library="SeleniumLibrary">
<arg>${locator}</arg>
<doc>Click the element identified by ``locator``.</doc>
<msg timestamp="20220927 16:23:40.125" level="INFO">Clicking element '//button[@aria-label='SignedFileDownload']//div[2]'.</msg>
<status status="PASS" starttime="20220927 16:23:40.125" endtime="20220927 16:23:40.302"/>
</kw>
<status status="PASS" starttime="20220927 16:23:40.123" endtime="20220927 16:23:40.303"/>
</kw>
<status status="PASS" starttime="20220927 16:23:39.964" endtime="20220927 16:23:40.303"/>
</kw>
<kw name="Sleep" library="BuiltIn">
<arg>10s</arg>
<doc>Pauses the test executed for the given time.</doc>
<msg timestamp="20220927 16:23:50.318" level="INFO">Slept 10 seconds</msg>
<status status="PASS" starttime="20220927 16:23:40.303" endtime="20220927 16:23:50.319"/>
</kw>
<kw name="Click Item" library="Common">
<arg>//button[@class='action-btn-popover btn btn-secondary']</arg>
<kw name="Verify elements is visible and displayed" library="Common">
<arg>${locator}</arg>
<doc>Keyword to verify locator is enabled and visibled on a page.</doc>
<kw name="Wait Until Element Is Enabled" library="SeleniumLibrary">
<arg>${locator}</arg>
<arg>timeout=60</arg>
<doc>Waits until the element ``locator`` is enabled.</doc>
<status status="PASS" starttime="20220927 16:23:50.323" endtime="20220927 16:23:50.372"/>
</kw>
<kw name="Wait Until Element Is Visible" library="SeleniumLibrary">
<arg>${locator}</arg>
<arg>timeout=60</arg>
<doc>Waits until the element ``locator`` is visible.</doc>
<status status="PASS" starttime="20220927 16:23:50.372" endtime="20220927 16:23:50.417"/>
</kw>
<kw name="Page Should Contain Element" library="SeleniumLibrary">
<arg>${locator}</arg>
<arg>timeout=60</arg>
<doc>Verifies that element ``locator`` is found on the current page.</doc>
<msg timestamp="20220927 16:23:50.437" level="INFO">Current page contains element '//button[@class='action-btn-popover btn btn-secondary']'.</msg>
<status status="PASS" starttime="20220927 16:23:50.418" endtime="20220927 16:23:50.437"/>
</kw>
<kw name="Wait Until Keyword Succeeds" library="BuiltIn">
<arg>${TimeOut}</arg>
<arg>${Start}</arg>
<arg>wait until page contains element</arg>
<arg>${locator}</arg>
<doc>Runs the specified keyword and retries if it fails.</doc>
<kw name="Wait Until Page Contains Element" library="SeleniumLibrary">
<arg>${locator}</arg>
<doc>Waits until the element ``locator`` appears on the current page.</doc>
<status status="PASS" starttime="20220927 16:23:50.439" endtime="20220927 16:23:50.456"/>
</kw>
<status status="PASS" starttime="20220927 16:23:50.438" endtime="20220927 16:23:50.456"/>
</kw>
<status status="PASS" starttime="20220927 16:23:50.322" endtime="20220927 16:23:50.457"/>
</kw>
<kw name="Wait Until Keyword Succeeds" library="BuiltIn">
<arg>${TimeOut}</arg>
<arg>${Start}</arg>
<arg>click element</arg>
<arg>${locator}</arg>
<doc>Runs the specified keyword and retries if it fails.</doc>
<kw name="Click Element" library="SeleniumLibrary">
<arg>${locator}</arg>
<doc>Click the element identified by ``locator``.</doc>
<msg timestamp="20220927 16:23:50.460" level="INFO">Clicking element '//button[@class='action-btn-popover btn btn-secondary']'.</msg>
<status status="PASS" starttime="20220927 16:23:50.459" endtime="20220927 16:23:50.574"/>
</kw>
<status status="PASS" starttime="20220927 16:23:50.457" endtime="20220927 16:23:50.575"/>
</kw>
<status status="PASS" starttime="20220927 16:23:50.319" endtime="20220927 16:23:50.575"/>
</kw>
<kw name="Click Item" library="Common">
<arg>//button[@aria-label='Provisioning']//div[2]</arg>
<kw name="Verify elements is visible and displayed" library="Common">
<arg>${locator}</arg>
<doc>Keyword to verify locator is enabled and visibled on a page.</doc>
<kw name="Wait Until Element Is Enabled" library="SeleniumLibrary">
<arg>${locator}</arg>
<arg>timeout=60</arg>
<doc>Waits until the element ``locator`` is enabled.</doc>
<status status="PASS" starttime="20220927 16:23:50.578" endtime="20220927 16:23:50.631"/>
</kw>
<kw name="Wait Until Element Is Visible" library="SeleniumLibrary">
<arg>${locator}</arg>
<arg>timeout=60</arg>
<doc>Waits until the element ``locator`` is visible.</doc>
<status status="PASS" starttime="20220927 16:23:50.631" endtime="20220927 16:23:50.675"/>
</kw>
<kw name="Page Should Contain Element" library="SeleniumLibrary">
<arg>${locator}</arg>
<arg>timeout=60</arg>
<doc>Verifies that element ``locator`` is found on the current page.</doc>
<msg timestamp="20220927 16:23:50.692" level="INFO">Current page contains element '//button[@aria-label='Provisioning']//div[2]'.</msg>
<status status="PASS" starttime="20220927 16:23:50.675" endtime="20220927 16:23:50.692"/>
</kw>
<kw name="Wait Until Keyword Succeeds" library="BuiltIn">
<arg>${TimeOut}</arg>
<arg>${Start}</arg>
<arg>wait until page contains element</arg>
<arg>${locator}</arg>
<doc>Runs the specified keyword and retries if it fails.</doc>
<kw name="Wait Until Page Contains Element" library="SeleniumLibrary">
<arg>${locator}</arg>
<doc>Waits until the element ``locator`` appears on the current page.</doc>
<status status="PASS" starttime="20220927 16:23:50.694" endtime="20220927 16:23:50.712"/>
</kw>
<status status="PASS" starttime="20220927 16:23:50.693" endtime="20220927 16:23:50.712"/>
</kw>
<status status="PASS" starttime="20220927 16:23:50.577" endtime="20220927 16:23:50.713"/>
</kw>
<kw name="Wait Until Keyword Succeeds" library="BuiltIn">
<arg>${TimeOut}</arg>
<arg>${Start}</arg>
<arg>click element</arg>
<arg>${locator}</arg>
<doc>Runs the specified keyword and retries if it fails.</doc>
<kw name="Click Element" library="SeleniumLibrary">
<arg>${locator}</arg>
<doc>Click the element identified by ``locator``.</doc>
<msg timestamp="20220927 16:23:50.716" level="INFO">Clicking element '//button[@aria-label='Provisioning']//div[2]'.</msg>
<status status="PASS" starttime="20220927 16:23:50.715" endtime="20220927 16:23:50.903"/>
</kw>
<status status="PASS" starttime="20220927 16:23:50.713" endtime="20220927 16:23:50.903"/>
</kw>
<status status="PASS" starttime="20220927 16:23:50.576" endtime="20220927 16:23:50.903"/>
</kw>
<kw name="Sleep" library="BuiltIn">
<arg>4s</arg>
<doc>Pauses the test executed for the given time.</doc>
<msg timestamp="20220927 16:23:54.907" level="INFO">Slept 4 seconds</msg>
<status status="PASS" starttime="20220927 16:23:50.903" endtime="20220927 16:23:54.907"/>
</kw>
<kw name="Click Item" library="Common">
<arg>//button[normalize-space()='Next &gt;&gt;']</arg>
<kw name="Verify elements is visible and displayed" library="Common">
<arg>${locator}</arg>
<doc>Keyword to verify locator is enabled and visibled on a page.</doc>
<kw name="Wait Until Element Is Enabled" library="SeleniumLibrary">
<arg>${locator}</arg>
<arg>timeout=60</arg>
<doc>Waits until the element ``locator`` is enabled.</doc>
<status status="PASS" starttime="20220927 16:23:54.910" endtime="20220927 16:23:54.964"/>
</kw>
<kw name="Wait Until Element Is Visible" library="SeleniumLibrary">
<arg>${locator}</arg>
<arg>timeout=60</arg>
<doc>Waits until the element ``locator`` is visible.</doc>
<status status="PASS" starttime="20220927 16:23:54.965" endtime="20220927 16:23:55.006"/>
</kw>
<kw name="Page Should Contain Element" library="SeleniumLibrary">
<arg>${locator}</arg>
<arg>timeout=60</arg>
<doc>Verifies that element ``locator`` is found on the current page.</doc>
<msg timestamp="20220927 16:23:55.025" level="INFO">Current page contains element '//button[normalize-space()='Next &gt;&gt;']'.</msg>
<status status="PASS" starttime="20220927 16:23:55.006" endtime="20220927 16:23:55.025"/>
</kw>
<kw name="Wait Until Keyword Succeeds" library="BuiltIn">
<arg>${TimeOut}</arg>
<arg>${Start}</arg>
<arg>wait until page contains element</arg>
<arg>${locator}</arg>
<doc>Runs the specified keyword and retries if it fails.</doc>
<kw name="Wait Until Page Contains Element" library="SeleniumLibrary">
<arg>${locator}</arg>
<doc>Waits until the element ``locator`` appears on the current page.</doc>
<status status="PASS" starttime="20220927 16:23:55.027" endtime="20220927 16:23:55.046"/>
</kw>
<status status="PASS" starttime="20220927 16:23:55.026" endtime="20220927 16:23:55.047"/>
</kw>
<status status="PASS" starttime="20220927 16:23:54.909" endtime="20220927 16:23:55.047"/>
</kw>
<kw name="Wait Until Keyword Succeeds" library="BuiltIn">
<arg>${TimeOut}</arg>
<arg>${Start}</arg>
<arg>click element</arg>
<arg>${locator}</arg>
<doc>Runs the specified keyword and retries if it fails.</doc>
<kw name="Click Element" library="SeleniumLibrary">
<arg>${locator}</arg>
<doc>Click the element identified by ``locator``.</doc>
<msg timestamp="20220927 16:23:55.050" level="INFO">Clicking element '//button[normalize-space()='Next &gt;&gt;']'.</msg>
<status status="PASS" starttime="20220927 16:23:55.049" endtime="20220927 16:23:55.240"/>
</kw>
<status status="PASS" starttime="20220927 16:23:55.048" endtime="20220927 16:23:55.240"/>
</kw>
<status status="PASS" starttime="20220927 16:23:54.907" endtime="20220927 16:23:55.240"/>
</kw>
<kw name="Set Input" library="Common">
<arg>//textarea[@id='businessDesc']</arg>
<arg>${BusinessDescription}</arg>
<kw name="Click Item" library="Common">
<arg>${locator}</arg>
<kw name="Verify elements is visible and displayed" library="Common">
<arg>${locator}</arg>
<doc>Keyword to verify locator is enabled and visibled on a page.</doc>
<kw name="Wait Until Element Is Enabled" library="SeleniumLibrary">
<arg>${locator}</arg>
<arg>timeout=60</arg>
<doc>Waits until the element ``locator`` is enabled.</doc>
<status status="PASS" starttime="20220927 16:23:55.244" endtime="20220927 16:23:55.286"/>
</kw>
<kw name="Wait Until Element Is Visible" library="SeleniumLibrary">
<arg>${locator}</arg>
<arg>timeout=60</arg>
<doc>Waits until the element ``locator`` is visible.</doc>
<status status="PASS" starttime="20220927 16:23:55.287" endtime="20220927 16:23:55.318"/>
</kw>
<kw name="Page Should Contain Element" library="SeleniumLibrary">
<arg>${locator}</arg>
<arg>timeout=60</arg>
<doc>Verifies that element ``locator`` is found on the current page.</doc>
<msg timestamp="20220927 16:23:55.330" level="INFO">Current page contains element '//textarea[@id='businessDesc']'.</msg>
<status status="PASS" starttime="20220927 16:23:55.319" endtime="20220927 16:23:55.330"/>
</kw>
<kw name="Wait Until Keyword Succeeds" library="BuiltIn">
<arg>${TimeOut}</arg>
<arg>${Start}</arg>
<arg>wait until page contains element</arg>
<arg>${locator}</arg>
<doc>Runs the specified keyword and retries if it fails.</doc>
<kw name="Wait Until Page Contains Element" library="SeleniumLibrary">
<arg>${locator}</arg>
<doc>Waits until the element ``locator`` appears on the current page.</doc>
<status status="PASS" starttime="20220927 16:23:55.332" endtime="20220927 16:23:55.345"/>
</kw>
<status status="PASS" starttime="20220927 16:23:55.331" endtime="20220927 16:23:55.345"/>
</kw>
<status status="PASS" starttime="20220927 16:23:55.243" endtime="20220927 16:23:55.345"/>
</kw>
<kw name="Wait Until Keyword Succeeds" library="BuiltIn">
<arg>${TimeOut}</arg>
<arg>${Start}</arg>
<arg>click element</arg>
<arg>${locator}</arg>
<doc>Runs the specified keyword and retries if it fails.</doc>
<kw name="Click Element" library="SeleniumLibrary">
<arg>${locator}</arg>
<doc>Click the element identified by ``locator``.</doc>
<msg timestamp="20220927 16:23:55.347" level="INFO">Clicking element '//textarea[@id='businessDesc']'.</msg>
<status status="PASS" starttime="20220927 16:23:55.347" endtime="20220927 16:23:55.408"/>
</kw>
<status status="PASS" starttime="20220927 16:23:55.346" endtime="20220927 16:23:55.408"/>
</kw>
<status status="PASS" starttime="20220927 16:23:55.242" endtime="20220927 16:23:55.408"/>
</kw>
<kw name="Run Keyword If" library="BuiltIn">
<arg>'${value}' == 'nan'</arg>
<arg>Log To Console</arg>
<arg>NANACONDITION</arg>
<arg>ELSE IF</arg>
<arg>'${value}' == 'BLANK'</arg>
<arg>Wait Until Keyword Succeeds</arg>
<arg>${TimeOut}</arg>
<arg>${Start}</arg>
<arg>input text</arg>
<arg>${locator}</arg>
<arg>\</arg>
<arg>ELSE</arg>
<arg>Wait Until Keyword Succeeds</arg>
<arg>${TimeOut}</arg>
<arg>${Start}</arg>
<arg>input text</arg>
<arg>${locator}</arg>
<arg>${value}</arg>
<doc>Runs the given keyword with the given arguments, if ``condition`` is true.</doc>
<kw name="Wait Until Keyword Succeeds" library="BuiltIn">
<arg>${TimeOut}</arg>
<arg>${Start}</arg>
<arg>input text</arg>
<arg>${locator}</arg>
<arg>${value}</arg>
<doc>Runs the specified keyword and retries if it fails.</doc>
<kw name="Input Text" library="SeleniumLibrary">
<arg>${locator}</arg>
<arg>${value}</arg>
<doc>Types the given ``text`` into the text field identified by ``locator``.</doc>
<msg timestamp="20220927 16:23:55.412" level="INFO">Typing text 'Agriculture' into text field '//textarea[@id='businessDesc']'.</msg>
<status status="PASS" starttime="20220927 16:23:55.411" endtime="20220927 16:23:55.531"/>
</kw>
<status status="PASS" starttime="20220927 16:23:55.410" endtime="20220927 16:23:55.532"/>
</kw>
<status status="PASS" starttime="20220927 16:23:55.409" endtime="20220927 16:23:55.532"/>
</kw>
<status status="PASS" starttime="20220927 16:23:55.241" endtime="20220927 16:23:55.532"/>
</kw>
<kw name="Set Input" library="Common">
<arg>//input[@id='socialMediaAddress']</arg>
<arg>${WebAdrress}</arg>
<kw name="Click Item" library="Common">
<arg>${locator}</arg>
<kw name="Verify elements is visible and displayed" library="Common">
<arg>${locator}</arg>
<doc>Keyword to verify locator is enabled and visibled on a page.</doc>
<kw name="Wait Until Element Is Enabled" library="SeleniumLibrary">
<arg>${locator}</arg>
<arg>timeout=60</arg>
<doc>Waits until the element ``locator`` is enabled.</doc>
<status status="PASS" starttime="20220927 16:23:55.537" endtime="20220927 16:23:55.580"/>
</kw>
<kw name="Wait Until Element Is Visible" library="SeleniumLibrary">
<arg>${locator}</arg>
<arg>timeout=60</arg>
<doc>Waits until the element ``locator`` is visible.</doc>
<status status="PASS" starttime="20220927 16:23:55.581" endtime="20220927 16:23:55.612"/>
</kw>
<kw name="Page Should Contain Element" library="SeleniumLibrary">
<arg>${locator}</arg>
<arg>timeout=60</arg>
<doc>Verifies that element ``locator`` is found on the current page.</doc>
<msg timestamp="20220927 16:23:55.625" level="INFO">Current page contains element '//input[@id='socialMediaAddress']'.</msg>
<status status="PASS" starttime="20220927 16:23:55.613" endtime="20220927 16:23:55.625"/>
</kw>
<kw name="Wait Until Keyword Succeeds" library="BuiltIn">
<arg>${TimeOut}</arg>
<arg>${Start}</arg>
<arg>wait until page contains element</arg>
<arg>${locator}</arg>
<doc>Runs the specified keyword and retries if it fails.</doc>
<kw name="Wait Until Page Contains Element" library="SeleniumLibrary">
<arg>${locator}</arg>
<doc>Waits until the element ``locator`` appears on the current page.</doc>
<status status="PASS" starttime="20220927 16:23:55.627" endtime="20220927 16:23:55.640"/>
</kw>
<status status="PASS" starttime="20220927 16:23:55.626" endtime="20220927 16:23:55.641"/>
</kw>
<status status="PASS" starttime="20220927 16:23:55.536" endtime="20220927 16:23:55.641"/>
</kw>
<kw name="Wait Until Keyword Succeeds" library="BuiltIn">
<arg>${TimeOut}</arg>
<arg>${Start}</arg>
<arg>click element</arg>
<arg>${locator}</arg>
<doc>Runs the specified keyword and retries if it fails.</doc>
<kw name="Click Element" library="SeleniumLibrary">
<arg>${locator}</arg>
<doc>Click the element identified by ``locator``.</doc>
<msg timestamp="20220927 16:23:55.644" level="INFO">Clicking element '//input[@id='socialMediaAddress']'.</msg>
<status status="PASS" starttime="20220927 16:23:55.643" endtime="20220927 16:23:55.724"/>
</kw>
<status status="PASS" starttime="20220927 16:23:55.642" endtime="20220927 16:23:55.724"/>
</kw>
<status status="PASS" starttime="20220927 16:23:55.534" endtime="20220927 16:23:55.724"/>
</kw>
<kw name="Run Keyword If" library="BuiltIn">
<arg>'${value}' == 'nan'</arg>
<arg>Log To Console</arg>
<arg>NANACONDITION</arg>
<arg>ELSE IF</arg>
<arg>'${value}' == 'BLANK'</arg>
<arg>Wait Until Keyword Succeeds</arg>
<arg>${TimeOut}</arg>
<arg>${Start}</arg>
<arg>input text</arg>
<arg>${locator}</arg>
<arg>\</arg>
<arg>ELSE</arg>
<arg>Wait Until Keyword Succeeds</arg>
<arg>${TimeOut}</arg>
<arg>${Start}</arg>
<arg>input text</arg>
<arg>${locator}</arg>
<arg>${value}</arg>
<doc>Runs the given keyword with the given arguments, if ``condition`` is true.</doc>
<kw name="Wait Until Keyword Succeeds" library="BuiltIn">
<arg>${TimeOut}</arg>
<arg>${Start}</arg>
<arg>input text</arg>
<arg>${locator}</arg>
<arg>${value}</arg>
<doc>Runs the specified keyword and retries if it fails.</doc>
<kw name="Input Text" library="SeleniumLibrary">
<arg>${locator}</arg>
<arg>${value}</arg>
<doc>Types the given ``text`` into the text field identified by ``locator``.</doc>
<msg timestamp="20220927 16:23:55.727" level="INFO">Typing text 'http://www.testing.com' into text field '//input[@id='socialMediaAddress']'.</msg>
<status status="PASS" starttime="20220927 16:23:55.727" endtime="20220927 16:23:55.876"/>
</kw>
<status status="PASS" starttime="20220927 16:23:55.726" endtime="20220927 16:23:55.876"/>
</kw>
<status status="PASS" starttime="20220927 16:23:55.725" endtime="20220927 16:23:55.877"/>
</kw>
<status status="PASS" starttime="20220927 16:23:55.533" endtime="20220927 16:23:55.877"/>
</kw>
<kw name="Click Item" library="Common">
<arg>//button[normalize-space()='Next &gt;&gt;']</arg>
<kw name="Verify elements is visible and displayed" library="Common">
<arg>${locator}</arg>
<doc>Keyword to verify locator is enabled and visibled on a page.</doc>
<kw name="Wait Until Element Is Enabled" library="SeleniumLibrary">
<arg>${locator}</arg>
<arg>timeout=60</arg>
<doc>Waits until the element ``locator`` is enabled.</doc>
<status status="PASS" starttime="20220927 16:23:55.880" endtime="20220927 16:23:55.917"/>
</kw>
<kw name="Wait Until Element Is Visible" library="SeleniumLibrary">
<arg>${locator}</arg>
<arg>timeout=60</arg>
<doc>Waits until the element ``locator`` is visible.</doc>
<status status="PASS" starttime="20220927 16:23:55.917" endtime="20220927 16:23:55.953"/>
</kw>
<kw name="Page Should Contain Element" library="SeleniumLibrary">
<arg>${locator}</arg>
<arg>timeout=60</arg>
<doc>Verifies that element ``locator`` is found on the current page.</doc>
<msg timestamp="20220927 16:23:55.966" level="INFO">Current page contains element '//button[normalize-space()='Next &gt;&gt;']'.</msg>
<status status="PASS" starttime="20220927 16:23:55.953" endtime="20220927 16:23:55.966"/>
</kw>
<kw name="Wait Until Keyword Succeeds" library="BuiltIn">
<arg>${TimeOut}</arg>
<arg>${Start}</arg>
<arg>wait until page contains element</arg>
<arg>${locator}</arg>
<doc>Runs the specified keyword and retries if it fails.</doc>
<kw name="Wait Until Page Contains Element" library="SeleniumLibrary">
<arg>${locator}</arg>
<doc>Waits until the element ``locator`` appears on the current page.</doc>
<status status="PASS" starttime="20220927 16:23:55.968" endtime="20220927 16:23:55.983"/>
</kw>
<status status="PASS" starttime="20220927 16:23:55.967" endtime="20220927 16:23:55.983"/>
</kw>
<status status="PASS" starttime="20220927 16:23:55.878" endtime="20220927 16:23:55.984"/>
</kw>
<kw name="Wait Until Keyword Succeeds" library="BuiltIn">
<arg>${TimeOut}</arg>
<arg>${Start}</arg>
<arg>click element</arg>
<arg>${locator}</arg>
<doc>Runs the specified keyword and retries if it fails.</doc>
<kw name="Click Element" library="SeleniumLibrary">
<arg>${locator}</arg>
<doc>Click the element identified by ``locator``.</doc>
<msg timestamp="20220927 16:23:55.987" level="INFO">Clicking element '//button[normalize-space()='Next &gt;&gt;']'.</msg>
<status status="PASS" starttime="20220927 16:23:55.986" endtime="20220927 16:23:56.246"/>
</kw>
<status status="PASS" starttime="20220927 16:23:55.984" endtime="20220927 16:23:56.246"/>
</kw>
<status status="PASS" starttime="20220927 16:23:55.877" endtime="20220927 16:23:56.246"/>
</kw>
<kw name="Sleep" library="BuiltIn">
<arg>4s</arg>
<doc>Pauses the test executed for the given time.</doc>
<msg timestamp="20220927 16:24:00.247" level="INFO">Slept 4 seconds</msg>
<status status="PASS" starttime="20220927 16:23:56.247" endtime="20220927 16:24:00.248"/>
</kw>
<kw name="Click Item" library="Common">
<arg>//button[normalize-space()='Next &gt;&gt;']</arg>
<kw name="Verify elements is visible and displayed" library="Common">
<arg>${locator}</arg>
<doc>Keyword to verify locator is enabled and visibled on a page.</doc>
<kw name="Wait Until Element Is Enabled" library="SeleniumLibrary">
<arg>${locator}</arg>
<arg>timeout=60</arg>
<doc>Waits until the element ``locator`` is enabled.</doc>
<status status="PASS" starttime="20220927 16:24:00.250" endtime="20220927 16:24:00.309"/>
</kw>
<kw name="Wait Until Element Is Visible" library="SeleniumLibrary">
<arg>${locator}</arg>
<arg>timeout=60</arg>
<doc>Waits until the element ``locator`` is visible.</doc>
<status status="PASS" starttime="20220927 16:24:00.309" endtime="20220927 16:24:00.349"/>
</kw>
<kw name="Page Should Contain Element" library="SeleniumLibrary">
<arg>${locator}</arg>
<arg>timeout=60</arg>
<doc>Verifies that element ``locator`` is found on the current page.</doc>
<msg timestamp="20220927 16:24:00.367" level="INFO">Current page contains element '//button[normalize-space()='Next &gt;&gt;']'.</msg>
<status status="PASS" starttime="20220927 16:24:00.350" endtime="20220927 16:24:00.367"/>
</kw>
<kw name="Wait Until Keyword Succeeds" library="BuiltIn">
<arg>${TimeOut}</arg>
<arg>${Start}</arg>
<arg>wait until page contains element</arg>
<arg>${locator}</arg>
<doc>Runs the specified keyword and retries if it fails.</doc>
<kw name="Wait Until Page Contains Element" library="SeleniumLibrary">
<arg>${locator}</arg>
<doc>Waits until the element ``locator`` appears on the current page.</doc>
<status status="PASS" starttime="20220927 16:24:00.369" endtime="20220927 16:24:00.387"/>
</kw>
<status status="PASS" starttime="20220927 16:24:00.368" endtime="20220927 16:24:00.387"/>
</kw>
<status status="PASS" starttime="20220927 16:24:00.249" endtime="20220927 16:24:00.388"/>
</kw>
<kw name="Wait Until Keyword Succeeds" library="BuiltIn">
<arg>${TimeOut}</arg>
<arg>${Start}</arg>
<arg>click element</arg>
<arg>${locator}</arg>
<doc>Runs the specified keyword and retries if it fails.</doc>
<kw name="Click Element" library="SeleniumLibrary">
<arg>${locator}</arg>
<doc>Click the element identified by ``locator``.</doc>
<msg timestamp="20220927 16:24:00.390" level="INFO">Clicking element '//button[normalize-space()='Next &gt;&gt;']'.</msg>
<status status="PASS" starttime="20220927 16:24:00.390" endtime="20220927 16:24:00.544"/>
</kw>
<status status="PASS" starttime="20220927 16:24:00.388" endtime="20220927 16:24:00.544"/>
</kw>
<status status="PASS" starttime="20220927 16:24:00.248" endtime="20220927 16:24:00.544"/>
</kw>
<kw name="Set Dropdown" library="Common">
<arg>//div[@class=' css-g1d714-ValueContainer']</arg>
<arg>${DocumentType}</arg>
<kw name="Click Item" library="Common">
<arg>${dropdown}</arg>
<kw name="Verify elements is visible and displayed" library="Common">
<arg>${locator}</arg>
<doc>Keyword to verify locator is enabled and visibled on a page.</doc>
<kw name="Wait Until Element Is Enabled" library="SeleniumLibrary">
<arg>${locator}</arg>
<arg>timeout=60</arg>
<doc>Waits until the element ``locator`` is enabled.</doc>
<status status="PASS" starttime="20220927 16:24:00.550" endtime="20220927 16:24:00.612"/>
</kw>
<kw name="Wait Until Element Is Visible" library="SeleniumLibrary">
<arg>${locator}</arg>
<arg>timeout=60</arg>
<doc>Waits until the element ``locator`` is visible.</doc>
<status status="PASS" starttime="20220927 16:24:00.612" endtime="20220927 16:24:00.655"/>
</kw>
<kw name="Page Should Contain Element" library="SeleniumLibrary">
<arg>${locator}</arg>
<arg>timeout=60</arg>
<doc>Verifies that element ``locator`` is found on the current page.</doc>
<msg timestamp="20220927 16:24:00.706" level="INFO">Current page contains element '//div[@class=' css-g1d714-ValueContainer']'.</msg>
<status status="PASS" starttime="20220927 16:24:00.655" endtime="20220927 16:24:00.707"/>
</kw>
<kw name="Wait Until Keyword Succeeds" library="BuiltIn">
<arg>${TimeOut}</arg>
<arg>${Start}</arg>
<arg>wait until page contains element</arg>
<arg>${locator}</arg>
<doc>Runs the specified keyword and retries if it fails.</doc>
<kw name="Wait Until Page Contains Element" library="SeleniumLibrary">
<arg>${locator}</arg>
<doc>Waits until the element ``locator`` appears on the current page.</doc>
<status status="PASS" starttime="20220927 16:24:00.709" endtime="20220927 16:24:00.731"/>
</kw>
<status status="PASS" starttime="20220927 16:24:00.707" endtime="20220927 16:24:00.731"/>
</kw>
<status status="PASS" starttime="20220927 16:24:00.548" endtime="20220927 16:24:00.731"/>
</kw>
<kw name="Wait Until Keyword Succeeds" library="BuiltIn">
<arg>${TimeOut}</arg>
<arg>${Start}</arg>
<arg>click element</arg>
<arg>${locator}</arg>
<doc>Runs the specified keyword and retries if it fails.</doc>
<kw name="Click Element" library="SeleniumLibrary">
<arg>${locator}</arg>
<doc>Click the element identified by ``locator``.</doc>
<msg timestamp="20220927 16:24:00.734" level="INFO">Clicking element '//div[@class=' css-g1d714-ValueContainer']'.</msg>
<status status="PASS" starttime="20220927 16:24:00.733" endtime="20220927 16:24:00.974"/>
</kw>
<status status="PASS" starttime="20220927 16:24:00.732" endtime="20220927 16:24:00.974"/>
</kw>
<status status="PASS" starttime="20220927 16:24:00.546" endtime="20220927 16:24:00.974"/>
</kw>
<kw name="Execute Javascript" library="SeleniumLibrary">
<var>${bool}</var>
<arg>var a = document.querySelectorAll('input[type=radio]');for(var i=0;i&lt;a.length;i++){if(a[i].checked==true &amp;&amp; a[i].nextSibling.innerHTML.trim() === '${locator_label}') return true; else return false;}</arg>
<doc>Executes the given JavaScript code with possible arguments.</doc>
<msg timestamp="20220927 16:24:00.976" level="INFO">Executing JavaScript:
var a = document.querySelectorAll('input[type=radio]');for(var i=0;i&lt;a.length;i++){if(a[i].checked==true &amp;&amp; a[i].nextSibling.innerHTML.trim() === 'Bank Statements') return true; else return false;}
Without any arguments.</msg>
<msg timestamp="20220927 16:24:00.987" level="INFO">${bool} = False</msg>
<status status="PASS" starttime="20220927 16:24:00.975" endtime="20220927 16:24:00.987"/>
</kw>
<kw name="Log To Console" library="BuiltIn">
<arg>------------------------</arg>
<doc>Logs the given message to the console.</doc>
<status status="PASS" starttime="20220927 16:24:00.987" endtime="20220927 16:24:00.991"/>
</kw>
<kw name="Log To Console" library="BuiltIn">
<arg>${bool}</arg>
<doc>Logs the given message to the console.</doc>
<status status="PASS" starttime="20220927 16:24:00.991" endtime="20220927 16:24:00.993"/>
</kw>
<kw name="Log To Console" library="BuiltIn">
<arg>------------------------</arg>
<doc>Logs the given message to the console.</doc>
<status status="PASS" starttime="20220927 16:24:00.993" endtime="20220927 16:24:00.994"/>
</kw>
<if>
<branch type="IF" condition="not ${bool}">
<kw name="Click Item" library="Common">
<arg>//label[text()='${locator_label}' and @md='10']</arg>
<kw name="Verify elements is visible and displayed" library="Common">
<arg>${locator}</arg>
<doc>Keyword to verify locator is enabled and visibled on a page.</doc>
<kw name="Wait Until Element Is Enabled" library="SeleniumLibrary">
<arg>${locator}</arg>
<arg>timeout=60</arg>
<doc>Waits until the element ``locator`` is enabled.</doc>
<status status="PASS" starttime="20220927 16:24:00.998" endtime="20220927 16:24:01.045"/>
</kw>
<kw name="Wait Until Element Is Visible" library="SeleniumLibrary">
<arg>${locator}</arg>
<arg>timeout=60</arg>
<doc>Waits until the element ``locator`` is visible.</doc>
<status status="PASS" starttime="20220927 16:24:01.046" endtime="20220927 16:24:01.081"/>
</kw>
<kw name="Page Should Contain Element" library="SeleniumLibrary">
<arg>${locator}</arg>
<arg>timeout=60</arg>
<doc>Verifies that element ``locator`` is found on the current page.</doc>
<msg timestamp="20220927 16:24:01.095" level="INFO">Current page contains element '//label[text()='Bank Statements' and @md='10']'.</msg>
<status status="PASS" starttime="20220927 16:24:01.081" endtime="20220927 16:24:01.095"/>
</kw>
<kw name="Wait Until Keyword Succeeds" library="BuiltIn">
<arg>${TimeOut}</arg>
<arg>${Start}</arg>
<arg>wait until page contains element</arg>
<arg>${locator}</arg>
<doc>Runs the specified keyword and retries if it fails.</doc>
<kw name="Wait Until Page Contains Element" library="SeleniumLibrary">
<arg>${locator}</arg>
<doc>Waits until the element ``locator`` appears on the current page.</doc>
<status status="PASS" starttime="20220927 16:24:01.097" endtime="20220927 16:24:01.111"/>
</kw>
<status status="PASS" starttime="20220927 16:24:01.095" endtime="20220927 16:24:01.111"/>
</kw>
<status status="PASS" starttime="20220927 16:24:00.997" endtime="20220927 16:24:01.111"/>
</kw>
<kw name="Wait Until Keyword Succeeds" library="BuiltIn">
<arg>${TimeOut}</arg>
<arg>${Start}</arg>
<arg>click element</arg>
<arg>${locator}</arg>
<doc>Runs the specified keyword and retries if it fails.</doc>
<kw name="Click Element" library="SeleniumLibrary">
<arg>${locator}</arg>
<doc>Click the element identified by ``locator``.</doc>
<msg timestamp="20220927 16:24:01.113" level="INFO">Clicking element '//label[text()='Bank Statements' and @md='10']'.</msg>
<status status="PASS" starttime="20220927 16:24:01.113" endtime="20220927 16:24:01.240"/>
</kw>
<status status="PASS" starttime="20220927 16:24:01.112" endtime="20220927 16:24:01.240"/>
</kw>
<status status="PASS" starttime="20220927 16:24:00.995" endtime="20220927 16:24:01.241"/>
</kw>
<status status="PASS" starttime="20220927 16:24:00.995" endtime="20220927 16:24:01.241"/>
</branch>
<status status="PASS" starttime="20220927 16:24:00.994" endtime="20220927 16:24:01.241"/>
</if>
<status status="PASS" starttime="20220927 16:24:00.545" endtime="20220927 16:24:01.242"/>
</kw>
<kw name="Execute Javascript" library="SeleniumLibrary">
<arg>var xpath = document.evaluate("//input[@id='file']", document,null,XPathResult.FIRST_ORDERED_NODE_TYPE,null).singleNodeValue.style.setProperty('display', 'block');</arg>
<doc>Executes the given JavaScript code with possible arguments.</doc>
<msg timestamp="20220927 16:24:01.243" level="INFO">Executing JavaScript:
var xpath = document.evaluate("//input[@id='file']", document,null,XPathResult.FIRST_ORDERED_NODE_TYPE,null).singleNodeValue.style.setProperty('display', 'block');
Without any arguments.</msg>
<status status="PASS" starttime="20220927 16:24:01.242" endtime="20220927 16:24:01.254"/>
</kw>
<kw name="File Uplaod" library="CRM_UI_Keywords">
<arg>//input[@id='file']</arg>
<arg>${FilePath}</arg>
<kw name="Scroll Element Into View" library="SeleniumLibrary">
<arg>${locator}</arg>
<doc>Scrolls the element identified by ``locator`` into view.</doc>
<status status="PASS" starttime="20220927 16:24:01.256" endtime="20220927 16:24:01.589"/>
</kw>
<kw name="Sleep" library="BuiltIn">
<arg>4s</arg>
<doc>Pauses the test executed for the given time.</doc>
<msg timestamp="20220927 16:24:05.597" level="INFO">Slept 4 seconds</msg>
<status status="PASS" starttime="20220927 16:24:01.589" endtime="20220927 16:24:05.597"/>
</kw>
<kw name="Choose File" library="SeleniumLibrary">
<arg>${locator}</arg>
<arg>${FilePath}</arg>
<doc>Inputs the ``file_path`` into the file input field ``locator``.</doc>
<msg timestamp="20220927 16:24:05.599" level="INFO">Sending D:\Repositories2\wkd_auto-29-06-2022\wkd_auto-29-06-2022\TestCases\passport copy (1).pdf to browser.</msg>
<status status="PASS" starttime="20220927 16:24:05.598" endtime="20220927 16:24:05.716"/>
</kw>
<status status="PASS" starttime="20220927 16:24:01.254" endtime="20220927 16:24:05.717"/>
</kw>
<kw name="Sleep" library="BuiltIn">
<arg>4s</arg>
<doc>Pauses the test executed for the given time.</doc>
<msg timestamp="20220927 16:24:09.718" level="INFO">Slept 4 seconds</msg>
<status status="PASS" starttime="20220927 16:24:05.718" endtime="20220927 16:24:09.718"/>
</kw>
<kw name="Click Item" library="Common">
<arg>//button[text()='Add Files']</arg>
<kw name="Verify elements is visible and displayed" library="Common">
<arg>${locator}</arg>
<doc>Keyword to verify locator is enabled and visibled on a page.</doc>
<kw name="Wait Until Element Is Enabled" library="SeleniumLibrary">
<arg>${locator}</arg>
<arg>timeout=60</arg>
<doc>Waits until the element ``locator`` is enabled.</doc>
<status status="PASS" starttime="20220927 16:24:09.721" endtime="20220927 16:24:09.769"/>
</kw>
<kw name="Wait Until Element Is Visible" library="SeleniumLibrary">
<arg>${locator}</arg>
<arg>timeout=60</arg>
<doc>Waits until the element ``locator`` is visible.</doc>
<status status="PASS" starttime="20220927 16:24:09.770" endtime="20220927 16:24:09.807"/>
</kw>
<kw name="Page Should Contain Element" library="SeleniumLibrary">
<arg>${locator}</arg>
<arg>timeout=60</arg>
<doc>Verifies that element ``locator`` is found on the current page.</doc>
<msg timestamp="20220927 16:24:09.826" level="INFO">Current page contains element '//button[text()='Add Files']'.</msg>
<status status="PASS" starttime="20220927 16:24:09.807" endtime="20220927 16:24:09.828"/>
</kw>
<kw name="Wait Until Keyword Succeeds" library="BuiltIn">
<arg>${TimeOut}</arg>
<arg>${Start}</arg>
<arg>wait until page contains element</arg>
<arg>${locator}</arg>
<doc>Runs the specified keyword and retries if it fails.</doc>
<kw name="Wait Until Page Contains Element" library="SeleniumLibrary">
<arg>${locator}</arg>
<doc>Waits until the element ``locator`` appears on the current page.</doc>
<status status="PASS" starttime="20220927 16:24:09.829" endtime="20220927 16:24:09.847"/>
</kw>
<status status="PASS" starttime="20220927 16:24:09.828" endtime="20220927 16:24:09.847"/>
</kw>
<status status="PASS" starttime="20220927 16:24:09.720" endtime="20220927 16:24:09.847"/>
</kw>
<kw name="Wait Until Keyword Succeeds" library="BuiltIn">
<arg>${TimeOut}</arg>
<arg>${Start}</arg>
<arg>click element</arg>
<arg>${locator}</arg>
<doc>Runs the specified keyword and retries if it fails.</doc>
<kw name="Click Element" library="SeleniumLibrary">
<arg>${locator}</arg>
<doc>Click the element identified by ``locator``.</doc>
<msg timestamp="20220927 16:24:09.850" level="INFO">Clicking element '//button[text()='Add Files']'.</msg>
<status status="PASS" starttime="20220927 16:24:09.849" endtime="20220927 16:24:10.073"/>
</kw>
<status status="PASS" starttime="20220927 16:24:09.848" endtime="20220927 16:24:10.073"/>
</kw>
<status status="PASS" starttime="20220927 16:24:09.719" endtime="20220927 16:24:10.073"/>
</kw>
<kw name="Sleep" library="BuiltIn">
<arg>4s</arg>
<doc>Pauses the test executed for the given time.</doc>
<msg timestamp="20220927 16:24:14.076" level="INFO">Slept 4 seconds</msg>
<status status="PASS" starttime="20220927 16:24:10.073" endtime="20220927 16:24:14.077"/>
</kw>
<kw name="Click Item" library="Common">
<arg>//button[normalize-space()='Next &gt;&gt;']</arg>
<kw name="Verify elements is visible and displayed" library="Common">
<arg>${locator}</arg>
<doc>Keyword to verify locator is enabled and visibled on a page.</doc>
<kw name="Wait Until Element Is Enabled" library="SeleniumLibrary">
<arg>${locator}</arg>
<arg>timeout=60</arg>
<doc>Waits until the element ``locator`` is enabled.</doc>
<status status="PASS" starttime="20220927 16:24:14.079" endtime="20220927 16:24:14.135"/>
</kw>
<kw name="Wait Until Element Is Visible" library="SeleniumLibrary">
<arg>${locator}</arg>
<arg>timeout=60</arg>
<doc>Waits until the element ``locator`` is visible.</doc>
<status status="PASS" starttime="20220927 16:24:14.137" endtime="20220927 16:24:14.181"/>
</kw>
<kw name="Page Should Contain Element" library="SeleniumLibrary">
<arg>${locator}</arg>
<arg>timeout=60</arg>
<doc>Verifies that element ``locator`` is found on the current page.</doc>
<msg timestamp="20220927 16:24:14.198" level="INFO">Current page contains element '//button[normalize-space()='Next &gt;&gt;']'.</msg>
<status status="PASS" starttime="20220927 16:24:14.181" endtime="20220927 16:24:14.198"/>
</kw>
<kw name="Wait Until Keyword Succeeds" library="BuiltIn">
<arg>${TimeOut}</arg>
<arg>${Start}</arg>
<arg>wait until page contains element</arg>
<arg>${locator}</arg>
<doc>Runs the specified keyword and retries if it fails.</doc>
<kw name="Wait Until Page Contains Element" library="SeleniumLibrary">
<arg>${locator}</arg>
<doc>Waits until the element ``locator`` appears on the current page.</doc>
<status status="PASS" starttime="20220927 16:24:14.201" endtime="20220927 16:24:14.219"/>
</kw>
<status status="PASS" starttime="20220927 16:24:14.199" endtime="20220927 16:24:14.219"/>
</kw>
<status status="PASS" starttime="20220927 16:24:14.078" endtime="20220927 16:24:14.220"/>
</kw>
<kw name="Wait Until Keyword Succeeds" library="BuiltIn">
<arg>${TimeOut}</arg>
<arg>${Start}</arg>
<arg>click element</arg>
<arg>${locator}</arg>
<doc>Runs the specified keyword and retries if it fails.</doc>
<kw name="Click Element" library="SeleniumLibrary">
<arg>${locator}</arg>
<doc>Click the element identified by ``locator``.</doc>
<msg timestamp="20220927 16:24:14.224" level="INFO">Clicking element '//button[normalize-space()='Next &gt;&gt;']'.</msg>
<status status="PASS" starttime="20220927 16:24:14.223" endtime="20220927 16:24:14.465"/>
</kw>
<status status="PASS" starttime="20220927 16:24:14.220" endtime="20220927 16:24:14.465"/>
</kw>
<status status="PASS" starttime="20220927 16:24:14.077" endtime="20220927 16:24:14.466"/>
</kw>
<kw name="Click Item" library="Common">
<arg>//button[normalize-space()='Submit']</arg>
<kw name="Verify elements is visible and displayed" library="Common">
<arg>${locator}</arg>
<doc>Keyword to verify locator is enabled and visibled on a page.</doc>
<kw name="Wait Until Element Is Enabled" library="SeleniumLibrary">
<arg>${locator}</arg>
<arg>timeout=60</arg>
<doc>Waits until the element ``locator`` is enabled.</doc>
<status status="PASS" starttime="20220927 16:24:14.467" endtime="20220927 16:24:14.513"/>
</kw>
<kw name="Wait Until Element Is Visible" library="SeleniumLibrary">
<arg>${locator}</arg>
<arg>timeout=60</arg>
<doc>Waits until the element ``locator`` is visible.</doc>
<status status="PASS" starttime="20220927 16:24:14.513" endtime="20220927 16:24:14.802"/>
</kw>
<kw name="Page Should Contain Element" library="SeleniumLibrary">
<arg>${locator}</arg>
<arg>timeout=60</arg>
<doc>Verifies that element ``locator`` is found on the current page.</doc>
<msg timestamp="20220927 16:24:14.824" level="INFO">Current page contains element '//button[normalize-space()='Submit']'.</msg>
<status status="PASS" starttime="20220927 16:24:14.804" endtime="20220927 16:24:14.825"/>
</kw>
<kw name="Wait Until Keyword Succeeds" library="BuiltIn">
<arg>${TimeOut}</arg>
<arg>${Start}</arg>
<arg>wait until page contains element</arg>
<arg>${locator}</arg>
<doc>Runs the specified keyword and retries if it fails.</doc>
<kw name="Wait Until Page Contains Element" library="SeleniumLibrary">
<arg>${locator}</arg>
<doc>Waits until the element ``locator`` appears on the current page.</doc>
<status status="PASS" starttime="20220927 16:24:14.827" endtime="20220927 16:24:14.847"/>
</kw>
<status status="PASS" starttime="20220927 16:24:14.826" endtime="20220927 16:24:14.848"/>
</kw>
<status status="PASS" starttime="20220927 16:24:14.466" endtime="20220927 16:24:14.848"/>
</kw>
<kw name="Wait Until Keyword Succeeds" library="BuiltIn">
<arg>${TimeOut}</arg>
<arg>${Start}</arg>
<arg>click element</arg>
<arg>${locator}</arg>
<doc>Runs the specified keyword and retries if it fails.</doc>
<kw name="Click Element" library="SeleniumLibrary">
<arg>${locator}</arg>
<doc>Click the element identified by ``locator``.</doc>
<msg timestamp="20220927 16:24:14.851" level="INFO">Clicking element '//button[normalize-space()='Submit']'.</msg>
<status status="PASS" starttime="20220927 16:24:14.850" endtime="20220927 16:24:15.005"/>
</kw>
<status status="PASS" starttime="20220927 16:24:14.848" endtime="20220927 16:24:15.005"/>
</kw>
<status status="PASS" starttime="20220927 16:24:14.466" endtime="20220927 16:24:15.005"/>
</kw>
<kw name="Sleep" library="BuiltIn">
<arg>30s</arg>
<doc>Pauses the test executed for the given time.</doc>
<msg timestamp="20220927 16:24:45.016" level="INFO">Slept 30 seconds</msg>
<status status="PASS" starttime="20220927 16:24:15.006" endtime="20220927 16:24:45.017"/>
</kw>
<kw name="Get Text" library="SeleniumLibrary">
<var>${OrderId}</var>
<arg>//span[starts-with(text(),'102')]</arg>
<doc>Returns the text value of the element identified by ``locator``.</doc>
<msg timestamp="20220927 16:24:45.067" level="INFO">${OrderId} = 1024272755841912832</msg>
<status status="PASS" starttime="20220927 16:24:45.017" endtime="20220927 16:24:45.067"/>
</kw>
<kw name="Log To Console" library="BuiltIn">
<arg>${OrderId}</arg>
<doc>Logs the given message to the console.</doc>
<status status="PASS" starttime="20220927 16:24:45.067" endtime="20220927 16:24:45.069"/>
</kw>
<kw name="Click Item" library="Common">
<arg>//button[normalize-space()='Done']</arg>
<kw name="Verify elements is visible and displayed" library="Common">
<arg>${locator}</arg>
<doc>Keyword to verify locator is enabled and visibled on a page.</doc>
<kw name="Wait Until Element Is Enabled" library="SeleniumLibrary">
<arg>${locator}</arg>
<arg>timeout=60</arg>
<doc>Waits until the element ``locator`` is enabled.</doc>
<status status="PASS" starttime="20220927 16:24:45.072" endtime="20220927 16:24:45.127"/>
</kw>
<kw name="Wait Until Element Is Visible" library="SeleniumLibrary">
<arg>${locator}</arg>
<arg>timeout=60</arg>
<doc>Waits until the element ``locator`` is visible.</doc>
<status status="PASS" starttime="20220927 16:24:45.128" endtime="20220927 16:24:45.165"/>
</kw>
<kw name="Page Should Contain Element" library="SeleniumLibrary">
<arg>${locator}</arg>
<arg>timeout=60</arg>
<doc>Verifies that element ``locator`` is found on the current page.</doc>
<msg timestamp="20220927 16:24:45.182" level="INFO">Current page contains element '//button[normalize-space()='Done']'.</msg>
<status status="PASS" starttime="20220927 16:24:45.166" endtime="20220927 16:24:45.182"/>
</kw>
<kw name="Wait Until Keyword Succeeds" library="BuiltIn">
<arg>${TimeOut}</arg>
<arg>${Start}</arg>
<arg>wait until page contains element</arg>
<arg>${locator}</arg>
<doc>Runs the specified keyword and retries if it fails.</doc>
<kw name="Wait Until Page Contains Element" library="SeleniumLibrary">
<arg>${locator}</arg>
<doc>Waits until the element ``locator`` appears on the current page.</doc>
<status status="PASS" starttime="20220927 16:24:45.185" endtime="20220927 16:24:45.203"/>
</kw>
<status status="PASS" starttime="20220927 16:24:45.183" endtime="20220927 16:24:45.203"/>
</kw>
<status status="PASS" starttime="20220927 16:24:45.071" endtime="20220927 16:24:45.204"/>
</kw>
<kw name="Wait Until Keyword Succeeds" library="BuiltIn">
<arg>${TimeOut}</arg>
<arg>${Start}</arg>
<arg>click element</arg>
<arg>${locator}</arg>
<doc>Runs the specified keyword and retries if it fails.</doc>
[...]
<msg timestamp="20220927 16:25:39.983" level="INFO" html="true">&lt;/td&gt;&lt;/tr&gt;&lt;tr&gt;&lt;td colspan="3"&gt;&lt;a href="selenium-screenshot-3401.png"&gt;&lt;img src="selenium-screenshot-3401.png" width="800px"&gt;&lt;/a&gt;</msg>
<msg timestamp="20220927 16:25:39.984" level="FAIL">ElementClickInterceptedException: Message: element click intercepted: Element &lt;div class="MuiTypography-root MuiTreeItem-label MuiTypography-body1"&gt;...&lt;/div&gt; is not clickable at point (110, 144). Other element would receive the click: &lt;div class="MuiBackdrop-root" aria-hidden="true" style="opacity: 1; transition: opacity 225ms cubic-bezier(0.4, 0, 0.2, 1) 0ms;"&gt;&lt;/div&gt;
  (Session info: chrome=105.0.5195.127)
</msg>
<status status="FAIL" starttime="20220927 16:25:38.401" endtime="20220927 16:25:39.986"/>
</kw>
<kw name="Click Element" library="SeleniumLibrary">
<arg>${locator}</arg>
<doc>Click the element identified by ``locator``.</doc>
<msg timestamp="20220927 16:25:40.994" level="INFO">Clicking element '//div[contains(text(),'Onboarding')]'.</msg>
<msg timestamp="20220927 16:25:42.556" level="INFO" html="true">&lt;/td&gt;&lt;/tr&gt;&lt;tr&gt;&lt;td colspan="3"&gt;&lt;a href="selenium-screenshot-3402.png"&gt;&lt;img src="selenium-screenshot-3402.png" width="800px"&gt;&lt;/a&gt;</msg>
<msg timestamp="20220927 16:25:42.557" level="FAIL">ElementClickInterceptedException: Message: element click intercepted: Element &lt;div class="MuiTypography-root MuiTreeItem-label MuiTypography-body1"&gt;...&lt;/div&gt; is not clickable at point (110, 144). Other element would receive the click: &lt;div class="MuiBackdrop-root" aria-hidden="true" style="opacity: 1; transition: opacity 225ms cubic-bezier(0.4, 0, 0.2, 1) 0ms;"&gt;&lt;/div&gt;
  (Session info: chrome=105.0.5195.127)
</msg>
<status status="FAIL" starttime="20220927 16:25:40.992" endtime="20220927 16:25:42.558"/>
</kw>
<kw name="Click Element" library="SeleniumLibrary">
<arg>${locator}</arg>
<doc>Click the element identified by ``locator``.</doc>
<msg timestamp="20220927 16:25:43.568" level="INFO">Clicking element '//div[contains(text(),'Onboarding')]'.</msg>
<msg timestamp="20220927 16:25:45.220" level="INFO" html="true">&lt;/td&gt;&lt;/tr&gt;&lt;tr&gt;&lt;td colspan="3"&gt;&lt;a href="selenium-screenshot-3403.png"&gt;&lt;img src="selenium-screenshot-3403.png" width="800px"&gt;&lt;/a&gt;</msg>
<msg timestamp="20220927 16:25:45.222" level="FAIL">ElementClickInterceptedException: Message: element click intercepted: Element &lt;div class="MuiTypography-root MuiTreeItem-label MuiTypography-body1"&gt;...&lt;/div&gt; is not clickable at point (110, 144). Other element would receive the click: &lt;div class="MuiBackdrop-root" aria-hidden="true" style="opacity: 1; transition: opacity 225ms cubic-bezier(0.4, 0, 0.2, 1) 0ms;"&gt;&lt;/div&gt;
  (Session info: chrome=105.0.5195.127)
</msg>
<status status="FAIL" starttime="20220927 16:25:43.568" endtime="20220927 16:25:45.223"/>
</kw>
<kw name="Click Element" library="SeleniumLibrary">
<arg>${locator}</arg>
<doc>Click the element identified by ``locator``.</doc>
<msg timestamp="20220927 16:25:46.238" level="INFO">Clicking element '//div[contains(text(),'Onboarding')]'.</msg>
<msg timestamp="20220927 16:25:47.980" level="INFO" html="true">&lt;/td&gt;&lt;/tr&gt;&lt;tr&gt;&lt;td colspan="3"&gt;&lt;a href="selenium-screenshot-3404.png"&gt;&lt;img src="selenium-screenshot-3404.png" width="800px"&gt;&lt;/a&gt;</msg>
<msg timestamp="20220927 16:25:47.982" level="FAIL">ElementClickInterceptedException: Message: element click intercepted: Element &lt;div class="MuiTypography-root MuiTreeItem-label MuiTypography-body1"&gt;...&lt;/div&gt; is not clickable at point (110, 144). Other element would receive the click: &lt;div class="MuiBackdrop-root" aria-hidden="true" style="opacity: 1; transition: opacity 225ms cubic-bezier(0.4, 0, 0.2, 1) 0ms;"&gt;&lt;/div&gt;
  (Session info: chrome=105.0.5195.127)
</msg>
<status status="FAIL" starttime="20220927 16:25:46.236" endtime="20220927 16:25:47.983"/>
</kw>
<kw name="Click Element" library="SeleniumLibrary">
<arg>${locator}</arg>
<doc>Click the element identified by ``locator``.</doc>
<msg timestamp="20220927 16:25:48.990" level="INFO">Clicking element '//div[contains(text(),'Onboarding')]'.</msg>
<msg timestamp="20220927 16:25:50.679" level="INFO" html="true">&lt;/td&gt;&lt;/tr&gt;&lt;tr&gt;&lt;td colspan="3"&gt;&lt;a href="selenium-screenshot-3405.png"&gt;&lt;img src="selenium-screenshot-3405.png" width="800px"&gt;&lt;/a&gt;</msg>
<msg timestamp="20220927 16:25:50.681" level="FAIL">ElementClickInterceptedException: Message: element click intercepted: Element &lt;div class="MuiTypography-root MuiTreeItem-label MuiTypography-body1"&gt;...&lt;/div&gt; is not clickable at point (110, 144). Other element would receive the click: &lt;div class="MuiBackdrop-root" aria-hidden="true" style="opacity: 1; transition: opacity 225ms cubic-bezier(0.4, 0, 0.2, 1) 0ms;"&gt;&lt;/div&gt;
  (Session info: chrome=105.0.5195.127)
</msg>
<status status="FAIL" starttime="20220927 16:25:48.988" endtime="20220927 16:25:50.682"/>
</kw>
<kw name="Click Element" library="SeleniumLibrary">
<arg>${locator}</arg>
<doc>Click the element identified by ``locator``.</doc>
<msg timestamp="20220927 16:25:51.696" level="INFO">Clicking element '//div[contains(text(),'Onboarding')]'.</msg>
<msg timestamp="20220927 16:25:53.328" level="INFO" html="true">&lt;/td&gt;&lt;/tr&gt;&lt;tr&gt;&lt;td colspan="3"&gt;&lt;a href="selenium-screenshot-3406.png"&gt;&lt;img src="selenium-screenshot-3406.png" width="800px"&gt;&lt;/a&gt;</msg>
<msg timestamp="20220927 16:25:53.330" level="FAIL">ElementClickInterceptedException: Message: element click intercepted: Element &lt;div class="MuiTypography-root MuiTreeItem-label MuiTypography-body1"&gt;...&lt;/div&gt; is not clickable at point (110, 144). Other element would receive the click: &lt;div class="MuiBackdrop-root" aria-hidden="true" style="opacity: 1; transition: opacity 225ms cubic-bezier(0.4, 0, 0.2, 1) 0ms;"&gt;&lt;/div&gt;
  (Session info: chrome=105.0.5195.127)
</msg>
<status status="FAIL" starttime="20220927 16:25:51.695" endtime="20220927 16:25:53.331"/>
</kw>
<kw name="Click Element" library="SeleniumLibrary">
<arg>${locator}</arg>
<doc>Click the element identified by ``locator``.</doc>
<msg timestamp="20220927 16:25:54.347" level="INFO">Clicking element '//div[contains(text(),'Onboarding')]'.</msg>
<msg timestamp="20220927 16:25:56.086" level="INFO" html="true">&lt;/td&gt;&lt;/tr&gt;&lt;tr&gt;&lt;td colspan="3"&gt;&lt;a href="selenium-screenshot-3407.png"&gt;&lt;img src="selenium-screenshot-3407.png" width="800px"&gt;&lt;/a&gt;</msg>
<msg timestamp="20220927 16:25:56.088" level="FAIL">ElementClickInterceptedException: Message: element click intercepted: Element &lt;div class="MuiTypography-root MuiTreeItem-label MuiTypography-body1"&gt;...&lt;/div&gt; is not clickable at point (110, 144). Other element would receive the click: &lt;div class="MuiBackdrop-root" aria-hidden="true" style="opacity: 1; transition: opacity 225ms cubic-bezier(0.4, 0, 0.2, 1) 0ms;"&gt;&lt;/div&gt;
  (Session info: chrome=105.0.5195.127)
</msg>
<status status="FAIL" starttime="20220927 16:25:54.345" endtime="20220927 16:25:56.089"/>
</kw>
<kw name="Click Element" library="SeleniumLibrary">
<arg>${locator}</arg>
<doc>Click the element identified by ``locator``.</doc>
<msg timestamp="20220927 16:25:57.102" level="INFO">Clicking element '//div[contains(text(),'Onboarding')]'.</msg>
<msg timestamp="20220927 16:25:58.793" level="INFO" html="true">&lt;/td&gt;&lt;/tr&gt;&lt;tr&gt;&lt;td colspan="3"&gt;&lt;a href="selenium-screenshot-3408.png"&gt;&lt;img src="selenium-screenshot-3408.png" width="800px"&gt;&lt;/a&gt;</msg>
<msg timestamp="20220927 16:25:58.795" level="FAIL">ElementClickInterceptedException: Message: element click intercepted: Element &lt;div class="MuiTypography-root MuiTreeItem-label MuiTypography-body1"&gt;...&lt;/div&gt; is not clickable at point (110, 144). Other element would receive the click: &lt;div class="MuiBackdrop-root" aria-hidden="true" style="opacity: 1; transition: opacity 225ms cubic-bezier(0.4, 0, 0.2, 1) 0ms;"&gt;&lt;/div&gt;
  (Session info: chrome=105.0.5195.127)
</msg>
<status status="FAIL" starttime="20220927 16:25:57.101" endtime="20220927 16:25:58.797"/>
</kw>
<kw name="Click Element" library="SeleniumLibrary">
<arg>${locator}</arg>
<doc>Click the element identified by ``locator``.</doc>
<msg timestamp="20220927 16:25:59.800" level="INFO">Clicking element '//div[contains(text(),'Onboarding')]'.</msg>
<msg timestamp="20220927 16:26:01.419" level="INFO" html="true">&lt;/td&gt;&lt;/tr&gt;&lt;tr&gt;&lt;td colspan="3"&gt;&lt;a href="selenium-screenshot-3409.png"&gt;&lt;img src="selenium-screenshot-3409.png" width="800px"&gt;&lt;/a&gt;</msg>
<msg timestamp="20220927 16:26:01.421" level="FAIL">ElementClickInterceptedException: Message: element click intercepted: Element &lt;div class="MuiTypography-root MuiTreeItem-label MuiTypography-body1"&gt;...&lt;/div&gt; is not clickable at point (110, 144). Other element would receive the click: &lt;div class="MuiBackdrop-root" aria-hidden="true" style="opacity: 1; transition: opacity 225ms cubic-bezier(0.4, 0, 0.2, 1) 0ms;"&gt;&lt;/div&gt;
  (Session info: chrome=105.0.5195.127)
</msg>
<status status="FAIL" starttime="20220927 16:25:59.799" endtime="20220927 16:26:01.422"/>
</kw>
<kw name="Click Element" library="SeleniumLibrary">
<arg>${locator}</arg>
<doc>Click the element identified by ``locator``.</doc>
<msg timestamp="20220927 16:26:02.427" level="INFO">Clicking element '//div[contains(text(),'Onboarding')]'.</msg>
<msg timestamp="20220927 16:26:04.129" level="INFO" html="true">&lt;/td&gt;&lt;/tr&gt;&lt;tr&gt;&lt;td colspan="3"&gt;&lt;a href="selenium-screenshot-3410.png"&gt;&lt;img src="selenium-screenshot-3410.png" width="800px"&gt;&lt;/a&gt;</msg>
<msg timestamp="20220927 16:26:04.130" level="FAIL">ElementClickInterceptedException: Message: element click intercepted: Element &lt;div class="MuiTypography-root MuiTreeItem-label MuiTypography-body1"&gt;...&lt;/div&gt; is not clickable at point (110, 144). Other element would receive the click: &lt;div class="MuiBackdrop-root" aria-hidden="true" style="opacity: 1; transition: opacity 225ms cubic-bezier(0.4, 0, 0.2, 1) 0ms;"&gt;&lt;/div&gt;
  (Session info: chrome=105.0.5195.127)
</msg>
<status status="FAIL" starttime="20220927 16:26:02.425" endtime="20220927 16:26:04.132"/>
</kw>
<msg timestamp="20220927 16:26:04.133" level="FAIL">Keyword 'click element' failed after retrying for 1 minute. The last error was: ElementClickInterceptedException: Message: element click intercepted: Element &lt;div class="MuiTypography-root MuiTreeItem-label MuiTypography-body1"&gt;...&lt;/div&gt; is not clickable at point (110, 144). Other element would receive the click: &lt;div class="MuiBackdrop-root" aria-hidden="true" style="opacity: 1; transition: opacity 225ms cubic-bezier(0.4, 0, 0.2, 1) 0ms;"&gt;&lt;/div&gt;
  (Session info: chrome=105.0.5195.127)
</msg>
<status status="FAIL" starttime="20220927 16:25:02.560" endtime="20220927 16:26:04.142"/>
</kw>
<status status="FAIL" starttime="20220927 16:25:02.412" endtime="20220927 16:26:04.146"/>
</kw>
<kw name="Click Item" library="Common">
<arg>//a[@id='/saForms']</arg>
<status status="NOT RUN" starttime="20220927 16:26:04.146" endtime="20220927 16:26:04.147"/>
</kw>
<kw name="Click Item" library="Common">
<arg>//span[@class='adv_search']</arg>
<status status="NOT RUN" starttime="20220927 16:26:04.147" endtime="20220927 16:26:04.147"/>
</kw>
<kw name="Set Input" library="Common">
<arg>//input[@id='saFormId']</arg>
<arg>${SAFORM_ID}</arg>
<status status="NOT RUN" starttime="20220927 16:26:04.147" endtime="20220927 16:26:04.147"/>
</kw>
<kw name="Click Item" library="Common">
<arg>//button[normalize-space()='Search']</arg>
<status status="NOT RUN" starttime="20220927 16:26:04.148" endtime="20220927 16:26:04.148"/>
</kw>
<kw name="Click Item" library="Common">
<arg>//button[@class='action-btn-popover btn btn-secondary']</arg>
<status status="NOT RUN" starttime="20220927 16:26:04.148" endtime="20220927 16:26:04.148"/>
</kw>
<kw name="Click Item" library="Common">
<arg>//button[@aria-label='Add Service']//div[2]</arg>
<status status="NOT RUN" starttime="20220927 16:26:04.148" endtime="20220927 16:26:04.148"/>
</kw>
<kw name="Click Item" library="Common">
<arg>//button[normalize-space()='Next &gt;&gt;']</arg>
<status status="NOT RUN" starttime="20220927 16:26:04.148" endtime="20220927 16:26:04.148"/>
</kw>
<kw name="Click Item" library="Common">
<arg>//button[normalize-space()='Submit']</arg>
<status status="NOT RUN" starttime="20220927 16:26:04.150" endtime="20220927 16:26:04.150"/>
</kw>
<kw name="Sleep" library="BuiltIn">
<arg>20s</arg>
<doc>Pauses the test executed for the given time.</doc>
<status status="NOT RUN" starttime="20220927 16:26:04.150" endtime="20220927 16:26:04.150"/>
</kw>
<kw name="Get Text" library="SeleniumLibrary">
<var>${OrderId}</var>
<arg>//span[starts-with(text(),'102')]</arg>
<doc>Returns the text value of the element identified by ``locator``.</doc>
<status status="NOT RUN" starttime="20220927 16:26:04.150" endtime="20220927 16:26:04.151"/>
</kw>
<kw name="Log To Console" library="BuiltIn">
<arg>${OrderId}</arg>
<doc>Logs the given message to the console.</doc>
<status status="NOT RUN" starttime="20220927 16:26:04.151" endtime="20220927 16:26:04.151"/>
</kw>
<kw name="Click Item" library="Common">
<arg>//button[normalize-space()='Done']</arg>
<status status="NOT RUN" starttime="20220927 16:26:04.151" endtime="20220927 16:26:04.152"/>
</kw>
<kw name="Sleep" library="BuiltIn">
<arg>4s</arg>
<doc>Pauses the test executed for the given time.</doc>
<status status="NOT RUN" starttime="20220927 16:26:04.152" endtime="20220927 16:26:04.152"/>
</kw>
<kw name="Click Element" library="SeleniumLibrary">
<arg>${OrderSearch}[Ordertab]</arg>
<doc>Click the element identified by ``locator``.</doc>
<status status="NOT RUN" starttime="20220927 16:26:04.152" endtime="20220927 16:26:04.153"/>
</kw>
<kw name="Sleep" library="BuiltIn">
<arg>2s</arg>
<doc>Pauses the test executed for the given time.</doc>
<status status="NOT RUN" starttime="20220927 16:26:04.153" endtime="20220927 16:26:04.153"/>
</kw>
<kw name="Click Element" library="SeleniumLibrary">
<arg>${OrderSearch}[viewOrder]</arg>
<doc>Click the element identified by ``locator``.</doc>
<status status="NOT RUN" starttime="20220927 16:26:04.154" endtime="20220927 16:26:04.154"/>
</kw>
<kw name="Sleep" library="BuiltIn">
<arg>2s</arg>
<doc>Pauses the test executed for the given time.</doc>
<status status="NOT RUN" starttime="20220927 16:26:04.154" endtime="20220927 16:26:04.154"/>
</kw>
<kw name="Set Input" library="Common">
<arg>${OrderSearch}[OrderSearchbar]</arg>
<arg>${OrderId}</arg>
<status status="NOT RUN" starttime="20220927 16:26:04.154" endtime="20220927 16:26:04.155"/>
</kw>
<kw name="Click Element" library="SeleniumLibrary">
<arg>${OrderSearch}[SearchButton]</arg>
<doc>Click the element identified by ``locator``.</doc>
<status status="NOT RUN" starttime="20220927 16:26:04.155" endtime="20220927 16:26:04.155"/>
</kw>
<kw name="Sleep" library="BuiltIn">
<arg>4s</arg>
<doc>Pauses the test executed for the given time.</doc>
<status status="NOT RUN" starttime="20220927 16:26:04.156" endtime="20220927 16:26:04.156"/>
</kw>
<kw name="Scroll Element Into View" library="SeleniumLibrary">
<arg>(//button[@type='button'])[7]</arg>
<doc>Scrolls the element identified by ``locator`` into view.</doc>
<status status="NOT RUN" starttime="20220927 16:26:04.156" endtime="20220927 16:26:04.156"/>
</kw>
<kw name="Click Element" library="SeleniumLibrary">
<arg>(//button[@type='button'])[7]</arg>
<doc>Click the element identified by ``locator``.</doc>
<status status="NOT RUN" starttime="20220927 16:26:04.157" endtime="20220927 16:26:04.157"/>
</kw>
<kw name="Click Element" library="SeleniumLibrary">
<arg>//button[@aria-label='View']</arg>
<doc>Click the element identified by ``locator``.</doc>
<status status="NOT RUN" starttime="20220927 16:26:04.157" endtime="20220927 16:26:04.157"/>
</kw>
<kw name="Sleep" library="BuiltIn">
<arg>5s</arg>
<doc>Pauses the test executed for the given time.</doc>
<status status="NOT RUN" starttime="20220927 16:26:04.157" endtime="20220927 16:26:04.158"/>
</kw>
<status status="FAIL" starttime="20220927 16:25:02.151" endtime="20220927 16:26:04.159"/>
</kw>
<kw name="Execute Suite Teardown" library="Common" type="TEARDOWN">
<doc>Closes all open browsers and resets the browser cache.</doc>
<kw name="Run Keyword And Return Status" library="BuiltIn">
<var>${present}</var>
<arg>Variable Should Exist</arg>
<arg>${download directory}</arg>
<doc>Runs the given keyword with given arguments and returns the status as a Boolean value.</doc>
<kw name="Variable Should Exist" library="BuiltIn">
<arg>${download directory}</arg>
<doc>Fails unless the given variable exists within the current scope.</doc>
<msg timestamp="20220927 16:26:04.172" level="FAIL">Variable '${download directory}' does not exist.</msg>
<status status="FAIL" starttime="20220927 16:26:04.165" endtime="20220927 16:26:04.177"/>
</kw>
<msg timestamp="20220927 16:26:04.178" level="INFO">${present} = False</msg>
<status status="PASS" starttime="20220927 16:26:04.164" endtime="20220927 16:26:04.178"/>
</kw>
<if>
<branch type="IF" condition="${present}">
<kw name="Empty Directory" library="OperatingSystem">
<arg>${download directory}</arg>
<doc>Deletes all the content from the given directory.</doc>
<status status="NOT RUN" starttime="20220927 16:26:04.179" endtime="20220927 16:26:04.179"/>
</kw>
<kw name="Remove Directory" library="OperatingSystem">
<arg>${download directory}</arg>
<doc>Removes the directory pointed to by the given ``path``.</doc>
<status status="NOT RUN" starttime="20220927 16:26:04.179" endtime="20220927 16:26:04.179"/>
</kw>
<status status="NOT RUN" starttime="20220927 16:26:04.179" endtime="20220927 16:26:04.179"/>
</branch>
<status status="PASS" starttime="20220927 16:26:04.179" endtime="20220927 16:26:04.180"/>
</if>
<kw name="Close All Browsers" library="SeleniumLibrary">
<doc>Closes all open browsers and resets the browser cache.</doc>
<status status="PASS" starttime="20220927 16:26:04.180" endtime="20220927 16:26:06.554"/>
</kw>
<kw name="Print" library="Common">
<arg>finished =&gt; Execute Suite Teardown</arg>
<kw name="Log To Console" library="BuiltIn">
<arg>\n${message}</arg>
<doc>Logs the given message to the console.</doc>
<status status="PASS" starttime="20220927 16:26:06.556" endtime="20220927 16:26:06.557"/>
</kw>
<status status="PASS" starttime="20220927 16:26:06.555" endtime="20220927 16:26:06.558"/>
</kw>
<status status="PASS" starttime="20220927 16:26:04.163" endtime="20220927 16:26:06.559"/>
</kw>
<doc>"-Onboarding SA_FORM"</doc>
<status status="FAIL" starttime="20220927 16:22:57.855" endtime="20220927 16:26:06.560">Keyword 'click element' failed after retrying for 1 minute. The last error was: ElementClickInterceptedException: Message: element click intercepted: Element &lt;div class="MuiTypography-root MuiTreeItem-label MuiTypography-body1"&gt;...&lt;/div&gt; is not clickable at point (110, 144). Other element would receive the click: &lt;div class="MuiBackdrop-root" aria-hidden="true" style="opacity: 1; transition: opacity 225ms cubic-bezier(0.4, 0, 0.2, 1) 0ms;"&gt;&lt;/div&gt;
  (Session info: chrome=105.0.5195.127)
</status>
</test>
<doc>"-Onboarding SA_FORM"</doc>
<status status="FAIL" starttime="20220927 16:22:56.349" endtime="20220927 16:26:06.567"/>
</suite>
<statistics>
<total>
<stat pass="0" fail="1" skip="0">All Tests</stat>
</total>
<tag>
</tag>
<suite>
<stat pass="0" fail="1" skip="0" id="s1" name="CRM TC 008">CRM TC 008</stat>
</suite>
</statistics>
<errors>
</errors>
</robot>
